2061.3390 	WARNING 	User requested fullscreen with size [1920 1200], but screen is actually [1366, 768]. Using actual size
2062.3134 	EXP 	Created window1 = Window(allowGUI=False, allowStencil=False, args=UNKNOWN, autoLog=True, bitsMode=UNKNOWN, blendMode='avg', color=array([ 0.,  0.,  0.]), colorSpace='rgb', fullscr=UNKNOWN, gamma=None, kwargs=UNKNOWN, lms=UNKNOWN, monitor=<psychopy.monitors.calibTools.Monitor object at 0x15848E50>, multiSample=False, name='window1', numSamples=2, pos=[0, 0], screen=0, size=array([1366,  768]), stereo=False, units=u'norm', useFBO=True, useRetina=False, viewOri=0.0, viewPos=None, viewScale=None, waitBlanking=True, winType=u'pyglet')
2062.3134 	EXP 	window1: recordFrameIntervals = False
2062.4805 	EXP 	window1: recordFrameIntervals = True
2062.6652 	EXP 	window1: recordFrameIntervals = False
2062.7044 	EXP 	Created text_14 = TextStim(alignHoriz='center', alignVert='center', antialias=True, autoLog=True, bold=False, color='white', colorSpace='named', contrast=1.0, depth=-1.0, flipHoriz=False, flipVert=False, font='Arial', fontFiles=[], height=0.1, italic=False, name='text_14', opacity=1.0, ori=0, pos=array([ 0.,  0.]), rgb=array([ 255.,  255.,  255.]), text='', units=u'norm', win=Window(...), wrapWidth=1)
2062.8499 	EXP 	Created text_7 = TextStim(alignHoriz='center', alignVert='center', antialias=True, autoLog=True, bold=False, color='white', colorSpace='named', contrast=1.0, depth=0.0, flipHoriz=False, flipVert=False, font='Arial', fontFiles=[], height=0.1, italic=False, name='text_7', opacity=1.0, ori=0, pos=array([ 0.,  0.]), rgb=array([ 255.,  255.,  255.]), text=newstr(...), units=u'norm', win=Window(...), wrapWidth=1)
2062.8711 	EXP 	Created text_13 = TextStim(alignHoriz='center', alignVert='center', antialias=True, autoLog=True, bold=False, color='white', colorSpace='named', contrast=1.0, depth=-2.0, flipHoriz=False, flipVert=False, font='Arial', fontFiles=[], height=0.05, italic=False, name='text_13', opacity=1.0, ori=0, pos=array([ 0.8, -0.8]), rgb=array([ 255.,  255.,  255.]), text='Instructions 1 of 3', units=u'norm', win=Window(...), wrapWidth=1)
2063.1069 	EXP 	Created text_8 = TextStim(alignHoriz='center', alignVert='center', antialias=True, autoLog=True, bold=False, color='white', colorSpace='named', contrast=1.0, depth=0.0, flipHoriz=False, flipVert=False, font='Arial', fontFiles=[], height=0.1, italic=False, name='text_8', opacity=1.0, ori=0, pos=array([ 0.,  0.]), rgb=array([ 255.,  255.,  255.]), text=newstr(...), units=u'norm', win=Window(...), wrapWidth=1)
2063.1218 	EXP 	Created text_15 = TextStim(alignHoriz='center', alignVert='center', antialias=True, autoLog=True, bold=False, color='white', colorSpace='named', contrast=1.0, depth=-2.0, flipHoriz=False, flipVert=False, font='Arial', fontFiles=[], height=0.05, italic=False, name='text_15', opacity=1.0, ori=0, pos=array([ 0.8, -0.8]), rgb=array([ 255.,  255.,  255.]), text='Instructions 2 of 3', units=u'norm', win=Window(...), wrapWidth=1)
2063.2137 	EXP 	Created text_12 = TextStim(alignHoriz='center', alignVert='center', antialias=True, autoLog=True, bold=False, color='white', colorSpace='named', contrast=1.0, depth=0.0, flipHoriz=False, flipVert=False, font='Arial', fontFiles=[], height=0.1, italic=False, name='text_12', opacity=1.0, ori=0, pos=array([ 0.,  0.]), rgb=array([ 255.,  255.,  255.]), text=newstr(...), units=u'norm', win=Window(...), wrapWidth=1)
2063.2271 	EXP 	Created text_16 = TextStim(alignHoriz='center', alignVert='center', antialias=True, autoLog=True, bold=False, color='white', colorSpace='named', contrast=1.0, depth=-2.0, flipHoriz=False, flipVert=False, font='Arial', fontFiles=[], height=0.05, italic=False, name='text_16', opacity=1.0, ori=0, pos=array([ 0.8, -0.8]), rgb=array([ 255.,  255.,  255.]), text='Instructions 3 of 3', units=u'norm', win=Window(...), wrapWidth=1)
2063.2496 	EXP 	Created point = Polygon(autoDraw=False, autoLog=True, closeShape=True, contrast=1.0, depth=0.0, fillColor=array([ 1.,  1.,  1.]), fillColorSpace='rgb', fillRGB=array([ 1.,  1.,  1.]), interpolate=True, lineColor=array([ 1.,  1.,  1.]), lineColorSpace='rgb', lineRGB=array([ 1.,  1.,  1.]), lineWidth=1, name='point', opacity=1.0, ori=array(0.0), pos=array([ 0.,  0.]), size=array([ 0.035,  0.05 ]), units=u'norm', vertices=ndarray(...), win=Window(...))
2063.2686 	EXP 	Created w1 = TextStim(alignHoriz='center', alignVert='center', antialias=True, autoLog=True, bold=False, color='white', colorSpace='named', contrast=1.0, depth=0.0, flipHoriz=False, flipVert=False, font='Arial', fontFiles=[], height=0.15, italic=False, name='w1', opacity=1.0, ori=0, pos=array([ 0.,  0.]), rgb=array([ 255.,  255.,  255.]), text='default text', units=u'norm', win=Window(...), wrapWidth=1)
2063.2787 	EXP 	Created w2 = TextStim(alignHoriz='center', alignVert='center', antialias=True, autoLog=True, bold=False, color='white', colorSpace='named', contrast=1.0, depth=-1.0, flipHoriz=False, flipVert=False, font='Arial', fontFiles=[], height=0.15, italic=False, name='w2', opacity=1.0, ori=0, pos=array([ 0.,  0.]), rgb=array([ 255.,  255.,  255.]), text='default text', units=u'norm', win=Window(...), wrapWidth=1)
2063.2884 	EXP 	Created w3 = TextStim(alignHoriz='center', alignVert='center', antialias=True, autoLog=True, bold=False, color='white', colorSpace='named', contrast=1.0, depth=-2.0, flipHoriz=False, flipVert=False, font='Arial', fontFiles=[], height=0.15, italic=False, name='w3', opacity=1.0, ori=0, pos=array([ 0.,  0.]), rgb=array([ 255.,  255.,  255.]), text='default text', units=u'norm', win=Window(...), wrapWidth=1)
2063.2983 	EXP 	Created w4 = TextStim(alignHoriz='center', alignVert='center', antialias=True, autoLog=True, bold=False, color='white', colorSpace='named', contrast=1.0, depth=-3.0, flipHoriz=False, flipVert=False, font='Arial', fontFiles=[], height=0.15, italic=False, name='w4', opacity=1.0, ori=0, pos=array([ 0.,  0.]), rgb=array([ 255.,  255.,  255.]), text='default text', units=u'norm', win=Window(...), wrapWidth=1)
2063.2989 	EXP 	Created memory_period = TextStim(alignHoriz='center', alignVert='center', antialias=True, autoLog=True, bold=False, color='white', colorSpace='named', contrast=1.0, depth=-4.0, flipHoriz=False, flipVert=False, font='Arial', fontFiles=[], height=0.1, italic=False, name='memory_period', opacity=1.0, ori=0, pos=array([ 0.,  0.]), rgb=array([ 255.,  255.,  255.]), text='', units=u'norm', win=Window(...), wrapWidth=1)
2063.3526 	EXP 	Sound  set volume 1.000
2063.4126 	EXP 	Created text_5 = TextStim(alignHoriz='center', alignVert='center', antialias=True, autoLog=True, bold=False, color='white', colorSpace='named', contrast=1.0, depth=0.0, flipHoriz=False, flipVert=False, font='Arial', fontFiles=[], height=0.1, italic=False, name='text_5', opacity=1.0, ori=0, pos=array([ 0.,  0.]), rgb=array([ 255.,  255.,  255.]), text=newstr(...), units=u'norm', win=Window(...), wrapWidth=1)
2063.6562 	EXP 	Created text_9 = TextStim(alignHoriz='center', alignVert='center', antialias=True, autoLog=True, bold=False, color='white', colorSpace='named', contrast=1.0, depth=0.0, flipHoriz=False, flipVert=False, font='Arial', fontFiles=[], height=0.1, italic=False, name='text_9', opacity=1.0, ori=0, pos=array([ 0.,  0.]), rgb=array([ 255.,  255.,  255.]), text=newstr(...), units=u'norm', win=Window(...), wrapWidth=1)
2063.7698 	EXP 	Created text_10 = TextStim(alignHoriz='center', alignVert='center', antialias=True, autoLog=True, bold=False, color='white', colorSpace='named', contrast=1.0, depth=0.0, flipHoriz=False, flipVert=False, font='Arial', fontFiles=[], height=0.1, italic=False, name='text_10', opacity=1.0, ori=0, pos=array([ 0.,  0.]), rgb=array([ 255.,  255.,  255.]), text=newstr(...), units=u'norm', win=Window(...), wrapWidth=1)
2063.7805 	EXP 	Created block_intro = TextStim(alignHoriz='center', alignVert='center', antialias=True, autoLog=True, bold=False, color='white', colorSpace='named', contrast=1.0, depth=-1.0, flipHoriz=False, flipVert=False, font='Arial', fontFiles=[], height=0.1, italic=False, name='block_intro', opacity=1.0, ori=0, pos=array([ 0.,  0.]), rgb=array([ 255.,  255.,  255.]), text='default text', units=u'norm', win=Window(...), wrapWidth=1)
2063.7943 	EXP 	Created text_19 = TextStim(alignHoriz='center', alignVert='center', antialias=True, autoLog=True, bold=False, color='white', colorSpace='named', contrast=1.0, depth=-3.0, flipHoriz=False, flipVert=False, font='Arial', fontFiles=[], height=0.05, italic=False, name='text_19', opacity=1.0, ori=0, pos=array([ 0.8, -0.8]), rgb=array([ 255.,  255.,  255.]), text='Instructions 1 of 3', units=u'norm', win=Window(...), wrapWidth=1)
2063.8046 	EXP 	Created text_11 = TextStim(alignHoriz='center', alignVert='center', antialias=True, autoLog=True, bold=False, color='white', colorSpace='named', contrast=1.0, depth=0.0, flipHoriz=False, flipVert=False, font='Arial', fontFiles=[], height=0.1, italic=False, name='text_11', opacity=1.0, ori=0, pos=array([ 0.,  0.]), rgb=array([ 255.,  255.,  255.]), text='default text', units=u'norm', win=Window(...), wrapWidth=1)
2063.8182 	EXP 	Created text_20 = TextStim(alignHoriz='center', alignVert='center', antialias=True, autoLog=True, bold=False, color='white', colorSpace='named', contrast=1.0, depth=-2.0, flipHoriz=False, flipVert=False, font='Arial', fontFiles=[], height=0.05, italic=False, name='text_20', opacity=1.0, ori=0, pos=array([ 0.8, -0.8]), rgb=array([ 255.,  255.,  255.]), text='Instructions 2 of 3', units=u'norm', win=Window(...), wrapWidth=1)
2063.8286 	EXP 	Created text_4 = TextStim(alignHoriz='center', alignVert='center', antialias=True, autoLog=True, bold=False, color='white', colorSpace='named', contrast=1.0, depth=0.0, flipHoriz=False, flipVert=False, font='Arial', fontFiles=[], height=0.1, italic=False, name='text_4', opacity=1.0, ori=0, pos=array([ 0.,  0.]), rgb=array([ 255.,  255.,  255.]), text='default text', units=u'norm', win=Window(...), wrapWidth=1)
2063.8423 	EXP 	Created text_21 = TextStim(alignHoriz='center', alignVert='center', antialias=True, autoLog=True, bold=False, color='white', colorSpace='named', contrast=1.0, depth=-2.0, flipHoriz=False, flipVert=False, font='Arial', fontFiles=[], height=0.05, italic=False, name='text_21', opacity=1.0, ori=0, pos=array([ 0.8, -0.8]), rgb=array([ 255.,  255.,  255.]), text='Instructions 3 of 3', units=u'norm', win=Window(...), wrapWidth=1)
2063.8592 	EXP 	Created point = Polygon(autoDraw=False, autoLog=True, closeShape=True, contrast=1.0, depth=0.0, fillColor=array([ 1.,  1.,  1.]), fillColorSpace='rgb', fillRGB=array([ 1.,  1.,  1.]), interpolate=True, lineColor=array([ 1.,  1.,  1.]), lineColorSpace='rgb', lineRGB=array([ 1.,  1.,  1.]), lineWidth=1, name='point', opacity=1.0, ori=array(0.0), pos=array([ 0.,  0.]), size=array([ 0.035,  0.05 ]), units=u'norm', vertices=ndarray(...), win=Window(...))
2063.8705 	EXP 	Created w1 = TextStim(alignHoriz='center', alignVert='center', antialias=True, autoLog=True, bold=False, color='white', colorSpace='named', contrast=1.0, depth=0.0, flipHoriz=False, flipVert=False, font='Arial', fontFiles=[], height=0.15, italic=False, name='w1', opacity=1.0, ori=0, pos=array([ 0.,  0.]), rgb=array([ 255.,  255.,  255.]), text='default text', units=u'norm', win=Window(...), wrapWidth=1)
2063.8809 	EXP 	Created w2 = TextStim(alignHoriz='center', alignVert='center', antialias=True, autoLog=True, bold=False, color='white', colorSpace='named', contrast=1.0, depth=-1.0, flipHoriz=False, flipVert=False, font='Arial', fontFiles=[], height=0.15, italic=False, name='w2', opacity=1.0, ori=0, pos=array([ 0.,  0.]), rgb=array([ 255.,  255.,  255.]), text='default text', units=u'norm', win=Window(...), wrapWidth=1)
2063.8907 	EXP 	Created w3 = TextStim(alignHoriz='center', alignVert='center', antialias=True, autoLog=True, bold=False, color='white', colorSpace='named', contrast=1.0, depth=-2.0, flipHoriz=False, flipVert=False, font='Arial', fontFiles=[], height=0.15, italic=False, name='w3', opacity=1.0, ori=0, pos=array([ 0.,  0.]), rgb=array([ 255.,  255.,  255.]), text='default text', units=u'norm', win=Window(...), wrapWidth=1)
2063.9011 	EXP 	Created w4 = TextStim(alignHoriz='center', alignVert='center', antialias=True, autoLog=True, bold=False, color='white', colorSpace='named', contrast=1.0, depth=-3.0, flipHoriz=False, flipVert=False, font='Arial', fontFiles=[], height=0.15, italic=False, name='w4', opacity=1.0, ori=0, pos=array([ 0.,  0.]), rgb=array([ 255.,  255.,  255.]), text='default text', units=u'norm', win=Window(...), wrapWidth=1)
2063.9018 	EXP 	Created memory_period = TextStim(alignHoriz='center', alignVert='center', antialias=True, autoLog=True, bold=False, color='white', colorSpace='named', contrast=1.0, depth=-4.0, flipHoriz=False, flipVert=False, font='Arial', fontFiles=[], height=0.1, italic=False, name='memory_period', opacity=1.0, ori=0, pos=array([ 0.,  0.]), rgb=array([ 255.,  255.,  255.]), text='', units=u'norm', win=Window(...), wrapWidth=1)
2063.9020 	EXP 	Sound  set volume 1.000
2063.9574 	EXP 	Created text_5 = TextStim(alignHoriz='center', alignVert='center', antialias=True, autoLog=True, bold=False, color='white', colorSpace='named', contrast=1.0, depth=0.0, flipHoriz=False, flipVert=False, font='Arial', fontFiles=[], height=0.1, italic=False, name='text_5', opacity=1.0, ori=0, pos=array([ 0.,  0.]), rgb=array([ 255.,  255.,  255.]), text=newstr(...), units=u'norm', win=Window(...), wrapWidth=1)
2063.9822 	EXP 	Created text_3 = TextStim(alignHoriz='center', alignVert='center', antialias=True, autoLog=True, bold=False, color='white', colorSpace='named', contrast=1.0, depth=0.0, flipHoriz=False, flipVert=False, font='Arial', fontFiles=[], height=0.1, italic=False, name='text_3', opacity=1.0, ori=0, pos=array([ 0.,  0.]), rgb=array([ 255.,  255.,  255.]), text='Ready?\n\nPress space bar to start', units=u'norm', win=Window(...), wrapWidth=1)
2063.9983 	EXP 	Created point = Polygon(autoDraw=False, autoLog=True, closeShape=True, contrast=1.0, depth=0.0, fillColor=array([ 1.,  1.,  1.]), fillColorSpace='rgb', fillRGB=array([ 1.,  1.,  1.]), interpolate=True, lineColor=array([ 1.,  1.,  1.]), lineColorSpace='rgb', lineRGB=array([ 1.,  1.,  1.]), lineWidth=1, name='point', opacity=1.0, ori=array(0.0), pos=array([ 0.,  0.]), size=array([ 0.035,  0.05 ]), units=u'norm', vertices=ndarray(...), win=Window(...))
2064.0087 	EXP 	Created w1 = TextStim(alignHoriz='center', alignVert='center', antialias=True, autoLog=True, bold=False, color='white', colorSpace='named', contrast=1.0, depth=0.0, flipHoriz=False, flipVert=False, font='Arial', fontFiles=[], height=0.15, italic=False, name='w1', opacity=1.0, ori=0, pos=array([ 0.,  0.]), rgb=array([ 255.,  255.,  255.]), text='default text', units=u'norm', win=Window(...), wrapWidth=1)
2064.0194 	EXP 	Created w2 = TextStim(alignHoriz='center', alignVert='center', antialias=True, autoLog=True, bold=False, color='white', colorSpace='named', contrast=1.0, depth=-1.0, flipHoriz=False, flipVert=False, font='Arial', fontFiles=[], height=0.15, italic=False, name='w2', opacity=1.0, ori=0, pos=array([ 0.,  0.]), rgb=array([ 255.,  255.,  255.]), text='default text', units=u'norm', win=Window(...), wrapWidth=1)
2064.0296 	EXP 	Created w3 = TextStim(alignHoriz='center', alignVert='center', antialias=True, autoLog=True, bold=False, color='white', colorSpace='named', contrast=1.0, depth=-2.0, flipHoriz=False, flipVert=False, font='Arial', fontFiles=[], height=0.15, italic=False, name='w3', opacity=1.0, ori=0, pos=array([ 0.,  0.]), rgb=array([ 255.,  255.,  255.]), text='default text', units=u'norm', win=Window(...), wrapWidth=1)
2064.0403 	EXP 	Created w4 = TextStim(alignHoriz='center', alignVert='center', antialias=True, autoLog=True, bold=False, color='white', colorSpace='named', contrast=1.0, depth=-3.0, flipHoriz=False, flipVert=False, font='Arial', fontFiles=[], height=0.15, italic=False, name='w4', opacity=1.0, ori=0, pos=array([ 0.,  0.]), rgb=array([ 255.,  255.,  255.]), text='default text', units=u'norm', win=Window(...), wrapWidth=1)
2064.0410 	EXP 	Created memory_period = TextStim(alignHoriz='center', alignVert='center', antialias=True, autoLog=True, bold=False, color='white', colorSpace='named', contrast=1.0, depth=-4.0, flipHoriz=False, flipVert=False, font='Arial', fontFiles=[], height=0.1, italic=False, name='memory_period', opacity=1.0, ori=0, pos=array([ 0.,  0.]), rgb=array([ 255.,  255.,  255.]), text='', units=u'norm', win=Window(...), wrapWidth=1)
2064.0412 	EXP 	Sound  set volume 1.000
2064.0509 	EXP 	Created text_6 = TextStim(alignHoriz='center', alignVert='center', antialias=True, autoLog=True, bold=False, color='white', colorSpace='named', contrast=1.0, depth=0.0, flipHoriz=False, flipVert=False, font='Arial', fontFiles=[], height=0.1, italic=False, name='text_6', opacity=1.0, ori=0, pos=array([ 0.,  0.]), rgb=array([ 255.,  255.,  255.]), text='default text', units=u'norm', win=Window(...), wrapWidth=1)
2064.0833 	EXP 	Created text = TextStim(alignHoriz='center', alignVert='center', antialias=True, autoLog=True, bold=False, color='white', colorSpace='named', contrast=1.0, depth=0.0, flipHoriz=False, flipVert=False, font='Arial', fontFiles=[], height=0.1, italic=False, name='text', opacity=1.0, ori=0, pos=array([ 0.,  0.]), rgb=array([ 255.,  255.,  255.]), text=newstr(...), units=u'norm', win=Window(...), wrapWidth=1)
2064.0903 	EXP 	text_14: autoDraw = True
2252.1601 	DATA 	Keypress: space
2252.1756 	EXP 	text_14: autoDraw = False
2252.1756 	EXP 	text_7: autoDraw = True
2252.1756 	EXP 	text_13: autoDraw = True
2267.1191 	DATA 	Keypress: space
2267.1353 	EXP 	text_7: autoDraw = False
2267.1353 	EXP 	text_13: autoDraw = False
2267.1353 	EXP 	text_8: autoDraw = True
2267.1353 	EXP 	text_15: autoDraw = True
2283.1016 	DATA 	Keypress: space
2283.1177 	EXP 	text_8: autoDraw = False
2283.1177 	EXP 	text_15: autoDraw = False
2283.1177 	EXP 	text_12: autoDraw = True
2283.1177 	EXP 	text_16: autoDraw = True
2286.0697 	DATA 	Keypress: space
2286.0704 	EXP 	Created sequence: random, trialTypes=1, nReps=10, seed=None
2286.0708 	EXP 	New trial (rep=0, index=0): None
2286.0745 	EXP 	Imported stimuli\random_lists\p702_b0_memory_training.csv as conditions, 4 conditions, 5 params
2286.0748 	EXP 	Created sequence: random, trialTypes=4, nReps=1, seed=None
2286.0752 	EXP 	New trial (rep=0, index=0): OrderedDict([('type', u'training'), ('word1', u'sigh'), ('word2', u'thank'), ('word3', u'yell'), ('word4', u'lick')])
2286.0851 	EXP 	text_12: autoDraw = False
2286.0851 	EXP 	text_16: autoDraw = False
2286.0851 	EXP 	point: autoDraw = True
2289.1053 	EXP 	point: autoDraw = False
2289.1053 	EXP 	point: autoDraw = False
2289.1053 	EXP 	w1: text = u'sigh'
2289.1053 	EXP 	w2: text = u'thank'
2289.1053 	EXP 	w3: text = u'yell'
2289.1053 	EXP 	w4: text = u'lick'
2289.1053 	EXP 	w1: autoDraw = True
2289.1884 	EXP 	w1: autoDraw = False
2289.5915 	EXP 	w2: autoDraw = True
2289.6914 	EXP 	w2: autoDraw = False
2290.0947 	EXP 	w3: autoDraw = True
2290.1778 	EXP 	w3: autoDraw = False
2290.5975 	EXP 	w4: autoDraw = True
2290.6816 	EXP 	w4: autoDraw = False
2290.6980 	EXP 	memory_period: autoDraw = True
2296.6856 	EXP 	memory_period: autoDraw = False
2296.6856 	EXP 	w1: autoDraw = False
2296.6856 	EXP 	w2: autoDraw = False
2296.6856 	EXP 	w3: autoDraw = False
2296.6856 	EXP 	w4: autoDraw = False
2296.6856 	EXP 	memory_period: autoDraw = False
2306.2453 	DATA 	Keypress: space
2306.2461 	EXP 	New trial (rep=0, index=1): OrderedDict([('type', u'training'), ('word1', u'print'), ('word2', u'stare'), ('word3', u'ruin'), ('word4', u'like')])
2306.2618 	EXP 	point: autoDraw = True
2309.2806 	EXP 	point: autoDraw = False
2309.2806 	EXP 	point: autoDraw = False
2309.2806 	EXP 	w1: text = u'print'
2309.2806 	EXP 	w2: text = u'stare'
2309.2806 	EXP 	w3: text = u'ruin'
2309.2806 	EXP 	w4: text = u'like'
2309.2806 	EXP 	w1: autoDraw = True
2309.3644 	EXP 	w1: autoDraw = False
2309.7665 	EXP 	w2: autoDraw = True
2309.8668 	EXP 	w2: autoDraw = False
2310.2699 	EXP 	w3: autoDraw = True
2310.3539 	EXP 	w3: autoDraw = False
2310.7731 	EXP 	w4: autoDraw = True
2310.8560 	EXP 	w4: autoDraw = False
2310.8738 	EXP 	memory_period: autoDraw = True
2316.8610 	EXP 	memory_period: autoDraw = False
2316.8610 	EXP 	w1: autoDraw = False
2316.8610 	EXP 	w2: autoDraw = False
2316.8610 	EXP 	w3: autoDraw = False
2316.8610 	EXP 	w4: autoDraw = False
2316.8610 	EXP 	memory_period: autoDraw = False
2325.9845 	DATA 	Keypress: space
2325.9853 	EXP 	New trial (rep=0, index=2): OrderedDict([('type', u'training'), ('word1', u'wait'), ('word2', u'look'), ('word3', u'bless'), ('word4', u'chew')])
2326.0011 	EXP 	point: autoDraw = True
2329.0199 	EXP 	point: autoDraw = False
2329.0199 	EXP 	point: autoDraw = False
2329.0199 	EXP 	w1: text = u'wait'
2329.0199 	EXP 	w2: text = u'look'
2329.0199 	EXP 	w3: text = u'bless'
2329.0199 	EXP 	w4: text = u'chew'
2329.0199 	EXP 	w1: autoDraw = True
2329.1037 	EXP 	w1: autoDraw = False
2329.5059 	EXP 	w2: autoDraw = True
2329.5900 	EXP 	w2: autoDraw = False
2330.0093 	EXP 	w3: autoDraw = True
2330.0933 	EXP 	w3: autoDraw = False
2330.5125 	EXP 	w4: autoDraw = True
2330.5958 	EXP 	w4: autoDraw = False
2330.6131 	EXP 	memory_period: autoDraw = True
2336.6002 	EXP 	memory_period: autoDraw = False
2336.6002 	EXP 	w1: autoDraw = False
2336.6002 	EXP 	w2: autoDraw = False
2336.6002 	EXP 	w3: autoDraw = False
2336.6002 	EXP 	w4: autoDraw = False
2336.6002 	EXP 	memory_period: autoDraw = False
2341.4641 	DATA 	Keypress: space
2341.4654 	EXP 	New trial (rep=0, index=3): OrderedDict([('type', u'training'), ('word1', u'stay'), ('word2', u'blush'), ('word3', u'save'), ('word4', u'soothe')])
2341.4807 	EXP 	point: autoDraw = True
2344.4994 	EXP 	point: autoDraw = False
2344.4994 	EXP 	point: autoDraw = False
2344.4994 	EXP 	w1: text = u'stay'
2344.4994 	EXP 	w2: text = u'blush'
2344.4994 	EXP 	w3: text = u'save'
2344.4994 	EXP 	w4: text = u'soothe'
2344.4994 	EXP 	w1: autoDraw = True
2344.5833 	EXP 	w1: autoDraw = False
2344.9848 	EXP 	w2: autoDraw = True
2345.0695 	EXP 	w2: autoDraw = False
2345.4888 	EXP 	w3: autoDraw = True
2345.5727 	EXP 	w3: autoDraw = False
2345.9920 	EXP 	w4: autoDraw = True
2346.0752 	EXP 	w4: autoDraw = False
2346.0926 	EXP 	memory_period: autoDraw = True
2352.0798 	EXP 	memory_period: autoDraw = False
2352.0798 	EXP 	w1: autoDraw = False
2352.0798 	EXP 	w2: autoDraw = False
2352.0798 	EXP 	w3: autoDraw = False
2352.0798 	EXP 	w4: autoDraw = False
2352.0798 	EXP 	memory_period: autoDraw = False
2358.2684 	DATA 	Keypress: space
2358.2843 	EXP 	text_5: autoDraw = True
2364.8930 	DATA 	Keypress: s
2364.9096 	EXP 	text_5: autoDraw = False
2364.9096 	EXP 	text_9: autoDraw = True
2384.7328 	DATA 	Keypress: space
2384.7494 	EXP 	text_9: autoDraw = False
2384.7494 	EXP 	text_10: autoDraw = True
2390.0826 	DATA 	Keypress: space
2390.0855 	EXP 	Imported block_conditions_2.csv as conditions, 2 conditions, 4 params
2390.0858 	EXP 	Created sequence: sequential, trialTypes=2, nReps=1, seed=None
2390.0862 	EXP 	New trial (rep=0, index=0): OrderedDict([('BlockType', u'FEET'), ('Effector', u'feet'), ('BlockLabel', u'with foot drumming'), ('BlockInstructions', u'perform a rhythmic exercise with your feet')])
2390.2830 	EXP 	text_10: autoDraw = False
2390.2830 	EXP 	block_intro: text = u'Part 1\n\nYou will see four words flashed one after another and you have to memorize them in the order they were presented.\n\nThis time, immediately after the fourth word, you will have to perform a rhythmic exercise with your feet until you hear a beep. At the beep, you have to repeat the four words.\n\nPress space bar to continue'
2390.2830 	EXP 	block_intro: autoDraw = True
2390.2830 	EXP 	text_19: autoDraw = True
2416.8479 	DATA 	Keypress: space
2416.9663 	EXP 	block_intro: autoDraw = False
2416.9663 	EXP 	text_19: autoDraw = False
2416.9663 	EXP 	text_11: text = u'The experimenter will now explain to you the rhythmic pattern you have to perform with your feet. You will get plenty of practice before starting with the actual task.'
2416.9663 	EXP 	text_11: autoDraw = True
2416.9663 	EXP 	text_20: autoDraw = True
2659.8255 	DATA 	Keypress: return
2659.9091 	EXP 	text_11: autoDraw = False
2659.9091 	EXP 	text_20: autoDraw = False
2659.9091 	EXP 	text_4: text = 'Now you will first do some practice trials before starting the real task.\n\nPress space bar to continue'
2659.9091 	EXP 	text_4: autoDraw = True
2659.9091 	EXP 	text_21: autoDraw = True
2666.5168 	DATA 	Keypress: space
2666.5179 	EXP 	Created sequence: random, trialTypes=1, nReps=20, seed=None
2666.5183 	EXP 	New trial (rep=0, index=0): None
2666.5218 	EXP 	Imported stimuli\random_lists\p702_b1_memory_training.csv as conditions, 4 conditions, 5 params
2666.5221 	EXP 	Created sequence: random, trialTypes=4, nReps=1, seed=None
2666.5225 	EXP 	New trial (rep=0, index=0): OrderedDict([('type', u'training'), ('word1', u'yell'), ('word2', u'print'), ('word3', u'lick'), ('word4', u'look')])
2666.5333 	EXP 	text_4: autoDraw = False
2666.5333 	EXP 	text_21: autoDraw = False
2666.5333 	EXP 	point: autoDraw = True
2669.5523 	EXP 	point: autoDraw = False
2669.5523 	EXP 	point: autoDraw = False
2669.5523 	EXP 	w1: text = u'yell'
2669.5523 	EXP 	w2: text = u'print'
2669.5523 	EXP 	w3: text = u'lick'
2669.5523 	EXP 	w4: text = u'look'
2669.5523 	EXP 	w1: autoDraw = True
2669.6359 	EXP 	w1: autoDraw = False
2670.0387 	EXP 	w2: autoDraw = True
2670.1225 	EXP 	w2: autoDraw = False
2670.5418 	EXP 	w3: autoDraw = True
2670.6256 	EXP 	w3: autoDraw = False
2671.0450 	EXP 	w4: autoDraw = True
2671.1288 	EXP 	w4: autoDraw = False
2671.1456 	EXP 	memory_period: autoDraw = True
2677.1327 	EXP 	memory_period: autoDraw = False
2677.1327 	EXP 	w1: autoDraw = False
2677.1327 	EXP 	w2: autoDraw = False
2677.1327 	EXP 	w3: autoDraw = False
2677.1327 	EXP 	w4: autoDraw = False
2677.1327 	EXP 	memory_period: autoDraw = False
2695.2288 	DATA 	Keypress: space
2695.2296 	EXP 	New trial (rep=0, index=1): OrderedDict([('type', u'training'), ('word1', u'thank'), ('word2', u'chew'), ('word3', u'blush'), ('word4', u'wait')])
2695.2450 	EXP 	point: autoDraw = True
2698.2640 	EXP 	point: autoDraw = False
2698.2640 	EXP 	point: autoDraw = False
2698.2640 	EXP 	w1: text = u'thank'
2698.2640 	EXP 	w2: text = u'chew'
2698.2640 	EXP 	w3: text = u'blush'
2698.2640 	EXP 	w4: text = u'wait'
2698.2640 	EXP 	w1: autoDraw = True
2698.3482 	EXP 	w1: autoDraw = False
2698.7504 	EXP 	w2: autoDraw = True
2698.8511 	EXP 	w2: autoDraw = False
2699.2536 	EXP 	w3: autoDraw = True
2699.3375 	EXP 	w3: autoDraw = False
2699.7567 	EXP 	w4: autoDraw = True
2699.8405 	EXP 	w4: autoDraw = False
2699.8572 	EXP 	memory_period: autoDraw = True
2705.8442 	EXP 	memory_period: autoDraw = False
2705.8442 	EXP 	w1: autoDraw = False
2705.8442 	EXP 	w2: autoDraw = False
2705.8442 	EXP 	w3: autoDraw = False
2705.8442 	EXP 	w4: autoDraw = False
2705.8442 	EXP 	memory_period: autoDraw = False
2710.1048 	DATA 	Keypress: space
2710.1056 	EXP 	New trial (rep=0, index=2): OrderedDict([('type', u'training'), ('word1', u'like'), ('word2', u'soothe'), ('word3', u'bless'), ('word4', u'stay')])
2710.1210 	EXP 	point: autoDraw = True
2713.1397 	EXP 	point: autoDraw = False
2713.1397 	EXP 	point: autoDraw = False
2713.1397 	EXP 	w1: text = u'like'
2713.1397 	EXP 	w2: text = u'soothe'
2713.1397 	EXP 	w3: text = u'bless'
2713.1397 	EXP 	w4: text = u'stay'
2713.1397 	EXP 	w1: autoDraw = True
2713.2236 	EXP 	w1: autoDraw = False
2713.6259 	EXP 	w2: autoDraw = True
2713.7268 	EXP 	w2: autoDraw = False
2714.1293 	EXP 	w3: autoDraw = True
2714.2131 	EXP 	w3: autoDraw = False
2714.6323 	EXP 	w4: autoDraw = True
2714.7163 	EXP 	w4: autoDraw = False
2714.7331 	EXP 	memory_period: autoDraw = True
2720.7203 	EXP 	memory_period: autoDraw = False
2720.7203 	EXP 	w1: autoDraw = False
2720.7203 	EXP 	w2: autoDraw = False
2720.7203 	EXP 	w3: autoDraw = False
2720.7203 	EXP 	w4: autoDraw = False
2720.7203 	EXP 	memory_period: autoDraw = False
2726.0704 	DATA 	Keypress: space
2726.0712 	EXP 	New trial (rep=0, index=3): OrderedDict([('type', u'training'), ('word1', u'stare'), ('word2', u'sigh'), ('word3', u'ruin'), ('word4', u'save')])
2726.0869 	EXP 	point: autoDraw = True
2729.1044 	EXP 	point: autoDraw = False
2729.1044 	EXP 	point: autoDraw = False
2729.1044 	EXP 	w1: text = u'stare'
2729.1044 	EXP 	w2: text = u'sigh'
2729.1044 	EXP 	w3: text = u'ruin'
2729.1044 	EXP 	w4: text = u'save'
2729.1044 	EXP 	w1: autoDraw = True
2729.1897 	EXP 	w1: autoDraw = False
2729.5920 	EXP 	w2: autoDraw = True
2729.6926 	EXP 	w2: autoDraw = False
2730.0940 	EXP 	w3: autoDraw = True
2730.1790 	EXP 	w3: autoDraw = False
2730.5983 	EXP 	w4: autoDraw = True
2730.6821 	EXP 	w4: autoDraw = False
2730.6989 	EXP 	memory_period: autoDraw = True
2736.6861 	EXP 	memory_period: autoDraw = False
2736.6861 	EXP 	w1: autoDraw = False
2736.6861 	EXP 	w2: autoDraw = False
2736.6861 	EXP 	w3: autoDraw = False
2736.6861 	EXP 	w4: autoDraw = False
2736.6861 	EXP 	memory_period: autoDraw = False
2752.6186 	DATA 	Keypress: space
2752.6351 	EXP 	text_5: autoDraw = True
2778.7477 	DATA 	Keypress: p
2778.7488 	EXP 	New trial (rep=1, index=0): None
2778.7519 	EXP 	Imported stimuli\random_lists\p702_b1_memory_training.csv as conditions, 4 conditions, 5 params
2778.7522 	EXP 	Created sequence: random, trialTypes=4, nReps=1, seed=None
2778.7526 	EXP 	New trial (rep=0, index=0): OrderedDict([('type', u'training'), ('word1', u'like'), ('word2', u'soothe'), ('word3', u'bless'), ('word4', u'stay')])
2778.7629 	EXP 	text_5: autoDraw = False
2778.7629 	EXP 	point: autoDraw = True
2781.7830 	EXP 	point: autoDraw = False
2781.7830 	EXP 	point: autoDraw = False
2781.7830 	EXP 	w1: text = u'like'
2781.7830 	EXP 	w2: text = u'soothe'
2781.7830 	EXP 	w3: text = u'bless'
2781.7830 	EXP 	w4: text = u'stay'
2781.7830 	EXP 	w1: autoDraw = True
2781.8668 	EXP 	w1: autoDraw = False
2782.2694 	EXP 	w2: autoDraw = True
2782.3699 	EXP 	w2: autoDraw = False
2782.7725 	EXP 	w3: autoDraw = True
2782.8563 	EXP 	w3: autoDraw = False
2783.2756 	EXP 	w4: autoDraw = True
2783.3594 	EXP 	w4: autoDraw = False
2783.3762 	EXP 	memory_period: autoDraw = True
2789.3632 	EXP 	memory_period: autoDraw = False
2789.3632 	EXP 	w1: autoDraw = False
2789.3632 	EXP 	w2: autoDraw = False
2789.3632 	EXP 	w3: autoDraw = False
2789.3632 	EXP 	w4: autoDraw = False
2789.3632 	EXP 	memory_period: autoDraw = False
2793.8079 	DATA 	Keypress: space
2793.8087 	EXP 	New trial (rep=0, index=1): OrderedDict([('type', u'training'), ('word1', u'yell'), ('word2', u'print'), ('word3', u'lick'), ('word4', u'look')])
2793.8245 	EXP 	point: autoDraw = True
2796.8432 	EXP 	point: autoDraw = False
2796.8432 	EXP 	point: autoDraw = False
2796.8432 	EXP 	w1: text = u'yell'
2796.8432 	EXP 	w2: text = u'print'
2796.8432 	EXP 	w3: text = u'lick'
2796.8432 	EXP 	w4: text = u'look'
2796.8432 	EXP 	w1: autoDraw = True
2796.9271 	EXP 	w1: autoDraw = False
2797.3297 	EXP 	w2: autoDraw = True
2797.4295 	EXP 	w2: autoDraw = False
2797.8326 	EXP 	w3: autoDraw = True
2797.9166 	EXP 	w3: autoDraw = False
2798.3358 	EXP 	w4: autoDraw = True
2798.4198 	EXP 	w4: autoDraw = False
2798.4365 	EXP 	memory_period: autoDraw = True
2804.4237 	EXP 	memory_period: autoDraw = False
2804.4237 	EXP 	w1: autoDraw = False
2804.4237 	EXP 	w2: autoDraw = False
2804.4237 	EXP 	w3: autoDraw = False
2804.4237 	EXP 	w4: autoDraw = False
2804.4237 	EXP 	memory_period: autoDraw = False
2807.7099 	DATA 	Keypress: space
2807.7106 	EXP 	New trial (rep=0, index=2): OrderedDict([('type', u'training'), ('word1', u'thank'), ('word2', u'chew'), ('word3', u'blush'), ('word4', u'wait')])
2807.7275 	EXP 	point: autoDraw = True
2810.7462 	EXP 	point: autoDraw = False
2810.7462 	EXP 	point: autoDraw = False
2810.7462 	EXP 	w1: text = u'thank'
2810.7462 	EXP 	w2: text = u'chew'
2810.7462 	EXP 	w3: text = u'blush'
2810.7462 	EXP 	w4: text = u'wait'
2810.7462 	EXP 	w1: autoDraw = True
2810.8296 	EXP 	w1: autoDraw = False
2811.2325 	EXP 	w2: autoDraw = True
2811.3332 	EXP 	w2: autoDraw = False
2811.7358 	EXP 	w3: autoDraw = True
2811.8189 	EXP 	w3: autoDraw = False
2812.2387 	EXP 	w4: autoDraw = True
2812.3227 	EXP 	w4: autoDraw = False
2812.3389 	EXP 	memory_period: autoDraw = True
2818.3262 	EXP 	memory_period: autoDraw = False
2818.3262 	EXP 	w1: autoDraw = False
2818.3262 	EXP 	w2: autoDraw = False
2818.3262 	EXP 	w3: autoDraw = False
2818.3262 	EXP 	w4: autoDraw = False
2818.3262 	EXP 	memory_period: autoDraw = False
2822.7711 	DATA 	Keypress: space
2822.7718 	EXP 	New trial (rep=0, index=3): OrderedDict([('type', u'training'), ('word1', u'stare'), ('word2', u'sigh'), ('word3', u'ruin'), ('word4', u'save')])
2822.7876 	EXP 	point: autoDraw = True
2825.8065 	EXP 	point: autoDraw = False
2825.8065 	EXP 	point: autoDraw = False
2825.8065 	EXP 	w1: text = u'stare'
2825.8065 	EXP 	w2: text = u'sigh'
2825.8065 	EXP 	w3: text = u'ruin'
2825.8065 	EXP 	w4: text = u'save'
2825.8065 	EXP 	w1: autoDraw = True
2825.8904 	EXP 	w1: autoDraw = False
2826.2929 	EXP 	w2: autoDraw = True
2826.3935 	EXP 	w2: autoDraw = False
2826.7959 	EXP 	w3: autoDraw = True
2826.8799 	EXP 	w3: autoDraw = False
2827.2988 	EXP 	w4: autoDraw = True
2827.3830 	EXP 	w4: autoDraw = False
2827.3997 	EXP 	memory_period: autoDraw = True
2833.3868 	EXP 	memory_period: autoDraw = False
2833.3868 	EXP 	w1: autoDraw = False
2833.3868 	EXP 	w2: autoDraw = False
2833.3868 	EXP 	w3: autoDraw = False
2833.3868 	EXP 	w4: autoDraw = False
2833.3868 	EXP 	memory_period: autoDraw = False
2838.8879 	DATA 	Keypress: space
2838.9213 	EXP 	text_5: autoDraw = True
2849.2352 	DATA 	Keypress: s
2849.2522 	EXP 	text_5: autoDraw = False
2849.2522 	EXP 	text_3: autoDraw = True
2852.0532 	DATA 	Keypress: space
2852.3585 	EXP 	Imported stimuli\random_lists\p702_b1_memory_targets.csv as conditions, 20 conditions, 5 params
2852.3589 	EXP 	Created sequence: sequential, trialTypes=20, nReps=1, seed=None
2852.3593 	EXP 	New trial (rep=0, index=0): OrderedDict([('type', u'leg'), ('word1', u'flee'), ('word2', u'wander'), ('word3', u'sprint'), ('word4', u'slip')])
2852.3717 	EXP 	text_3: autoDraw = False
2852.3717 	EXP 	point: autoDraw = True
2855.3903 	EXP 	point: autoDraw = False
2855.3903 	EXP 	point: autoDraw = False
2855.3903 	EXP 	w1: text = u'flee'
2855.3903 	EXP 	w2: text = u'wander'
2855.3903 	EXP 	w3: text = u'sprint'
2855.3903 	EXP 	w4: text = u'slip'
2855.3903 	EXP 	w1: autoDraw = True
2855.4740 	EXP 	w1: autoDraw = False
2855.8761 	EXP 	w2: autoDraw = True
2855.9766 	EXP 	w2: autoDraw = False
2856.3798 	EXP 	w3: autoDraw = True
2856.4637 	EXP 	w3: autoDraw = False
2856.8830 	EXP 	w4: autoDraw = True
2856.9665 	EXP 	w4: autoDraw = False
2856.9836 	EXP 	memory_period: autoDraw = True
2862.9708 	EXP 	memory_period: autoDraw = False
2862.9708 	EXP 	w1: autoDraw = False
2862.9708 	EXP 	w2: autoDraw = False
2862.9708 	EXP 	w3: autoDraw = False
2862.9708 	EXP 	w4: autoDraw = False
2862.9708 	EXP 	memory_period: autoDraw = False
2869.6290 	DATA 	Keypress: space
2869.6299 	EXP 	New trial (rep=0, index=1): OrderedDict([('type', u'leg'), ('word1', u'pedal'), ('word2', u'hop'), ('word3', u'rush'), ('word4', u'cycle')])
2869.6451 	EXP 	point: autoDraw = True
2872.6642 	EXP 	point: autoDraw = False
2872.6642 	EXP 	point: autoDraw = False
2872.6642 	EXP 	w1: text = u'pedal'
2872.6642 	EXP 	w2: text = u'hop'
2872.6642 	EXP 	w3: text = u'rush'
2872.6642 	EXP 	w4: text = u'cycle'
2872.6642 	EXP 	w1: autoDraw = True
2872.7482 	EXP 	w1: autoDraw = False
2873.1507 	EXP 	w2: autoDraw = True
2873.2513 	EXP 	w2: autoDraw = False
2873.6536 	EXP 	w3: autoDraw = True
2873.7376 	EXP 	w3: autoDraw = False
2874.1569 	EXP 	w4: autoDraw = True
2874.2408 	EXP 	w4: autoDraw = False
2874.2575 	EXP 	memory_period: autoDraw = True
2880.2445 	EXP 	memory_period: autoDraw = False
2880.2445 	EXP 	w1: autoDraw = False
2880.2445 	EXP 	w2: autoDraw = False
2880.2445 	EXP 	w3: autoDraw = False
2880.2445 	EXP 	w4: autoDraw = False
2880.2445 	EXP 	memory_period: autoDraw = False
2885.5278 	DATA 	Keypress: space
2885.5285 	EXP 	New trial (rep=0, index=2): OrderedDict([('type', u'arm'), ('word1', u'peel'), ('word2', u'slap'), ('word3', u'pinch'), ('word4', u'pat')])
2885.5437 	EXP 	point: autoDraw = True
2888.5628 	EXP 	point: autoDraw = False
2888.5628 	EXP 	point: autoDraw = False
2888.5628 	EXP 	w1: text = u'peel'
2888.5628 	EXP 	w2: text = u'slap'
2888.5628 	EXP 	w3: text = u'pinch'
2888.5628 	EXP 	w4: text = u'pat'
2888.5628 	EXP 	w1: autoDraw = True
2888.6469 	EXP 	w1: autoDraw = False
2889.0495 	EXP 	w2: autoDraw = True
2889.1501 	EXP 	w2: autoDraw = False
2889.5525 	EXP 	w3: autoDraw = True
2889.6365 	EXP 	w3: autoDraw = False
2890.0557 	EXP 	w4: autoDraw = True
2890.1395 	EXP 	w4: autoDraw = False
2890.1563 	EXP 	memory_period: autoDraw = True
2896.1433 	EXP 	memory_period: autoDraw = False
2896.1433 	EXP 	w1: autoDraw = False
2896.1433 	EXP 	w2: autoDraw = False
2896.1433 	EXP 	w3: autoDraw = False
2896.1433 	EXP 	w4: autoDraw = False
2896.1433 	EXP 	memory_period: autoDraw = False
2901.6782 	DATA 	Keypress: space
2901.6789 	EXP 	New trial (rep=0, index=3): OrderedDict([('type', u'leg'), ('word1', u'wade'), ('word2', u'bounce'), ('word3', u'kick'), ('word4', u'strut')])
2901.6944 	EXP 	point: autoDraw = True
2904.7132 	EXP 	point: autoDraw = False
2904.7132 	EXP 	point: autoDraw = False
2904.7132 	EXP 	w1: text = u'wade'
2904.7132 	EXP 	w2: text = u'bounce'
2904.7132 	EXP 	w3: text = u'kick'
2904.7132 	EXP 	w4: text = u'strut'
2904.7132 	EXP 	w1: autoDraw = True
2904.7973 	EXP 	w1: autoDraw = False
2905.1998 	EXP 	w2: autoDraw = True
2905.2831 	EXP 	w2: autoDraw = False
2905.7024 	EXP 	w3: autoDraw = True
2905.7868 	EXP 	w3: autoDraw = False
2906.2059 	EXP 	w4: autoDraw = True
2906.2899 	EXP 	w4: autoDraw = False
2906.3066 	EXP 	memory_period: autoDraw = True
2912.2929 	EXP 	memory_period: autoDraw = False
2912.2929 	EXP 	w1: autoDraw = False
2912.2929 	EXP 	w2: autoDraw = False
2912.2929 	EXP 	w3: autoDraw = False
2912.2929 	EXP 	w4: autoDraw = False
2912.2929 	EXP 	memory_period: autoDraw = False
2919.8074 	DATA 	Keypress: space
2919.8082 	EXP 	New trial (rep=0, index=4): OrderedDict([('type', u'leg'), ('word1', u'limp'), ('word2', u'march'), ('word3', u'step'), ('word4', u'skate')])
2919.8242 	EXP 	point: autoDraw = True
2922.8421 	EXP 	point: autoDraw = False
2922.8421 	EXP 	point: autoDraw = False
2922.8421 	EXP 	w1: text = u'limp'
2922.8421 	EXP 	w2: text = u'march'
2922.8421 	EXP 	w3: text = u'step'
2922.8421 	EXP 	w4: text = u'skate'
2922.8421 	EXP 	w1: autoDraw = True
2922.9266 	EXP 	w1: autoDraw = False
2923.3291 	EXP 	w2: autoDraw = True
2923.4298 	EXP 	w2: autoDraw = False
2923.8321 	EXP 	w3: autoDraw = True
2923.9161 	EXP 	w3: autoDraw = False
2924.3353 	EXP 	w4: autoDraw = True
2924.4192 	EXP 	w4: autoDraw = False
2924.4360 	EXP 	memory_period: autoDraw = True
2930.4224 	EXP 	memory_period: autoDraw = False
2930.4224 	EXP 	w1: autoDraw = False
2930.4224 	EXP 	w2: autoDraw = False
2930.4224 	EXP 	w3: autoDraw = False
2930.4224 	EXP 	w4: autoDraw = False
2930.4224 	EXP 	memory_period: autoDraw = False
2936.9310 	DATA 	Keypress: space
2936.9317 	EXP 	New trial (rep=0, index=5): OrderedDict([('type', u'leg'), ('word1', u'stray'), ('word2', u'stomp'), ('word3', u'run'), ('word4', u'hike')])
2936.9471 	EXP 	point: autoDraw = True
2939.9658 	EXP 	point: autoDraw = False
2939.9658 	EXP 	point: autoDraw = False
2939.9658 	EXP 	w1: text = u'stray'
2939.9658 	EXP 	w2: text = u'stomp'
2939.9658 	EXP 	w3: text = u'run'
2939.9658 	EXP 	w4: text = u'hike'
2939.9658 	EXP 	w1: autoDraw = True
2940.0496 	EXP 	w1: autoDraw = False
2940.4519 	EXP 	w2: autoDraw = True
2940.5528 	EXP 	w2: autoDraw = False
2940.9553 	EXP 	w3: autoDraw = True
2941.0391 	EXP 	w3: autoDraw = False
2941.4584 	EXP 	w4: autoDraw = True
2941.5414 	EXP 	w4: autoDraw = False
2941.5591 	EXP 	memory_period: autoDraw = True
2947.5463 	EXP 	memory_period: autoDraw = False
2947.5463 	EXP 	w1: autoDraw = False
2947.5463 	EXP 	w2: autoDraw = False
2947.5463 	EXP 	w3: autoDraw = False
2947.5463 	EXP 	w4: autoDraw = False
2947.5463 	EXP 	memory_period: autoDraw = False
2956.8376 	DATA 	Keypress: space
2956.8383 	EXP 	New trial (rep=0, index=6): OrderedDict([('type', u'arm'), ('word1', u'wipe'), ('word2', u'dig'), ('word3', u'squeeze'), ('word4', u'snatch')])
2956.8541 	EXP 	point: autoDraw = True
2959.8727 	EXP 	point: autoDraw = False
2959.8727 	EXP 	point: autoDraw = False
2959.8727 	EXP 	w1: text = u'wipe'
2959.8727 	EXP 	w2: text = u'dig'
2959.8727 	EXP 	w3: text = u'squeeze'
2959.8727 	EXP 	w4: text = u'snatch'
2959.8727 	EXP 	w1: autoDraw = True
2959.9567 	EXP 	w1: autoDraw = False
2960.3591 	EXP 	w2: autoDraw = True
2960.4598 	EXP 	w2: autoDraw = False
2960.8621 	EXP 	w3: autoDraw = True
2960.9462 	EXP 	w3: autoDraw = False
2961.3654 	EXP 	w4: autoDraw = True
2961.4493 	EXP 	w4: autoDraw = False
2961.4660 	EXP 	memory_period: autoDraw = True
2967.4533 	EXP 	memory_period: autoDraw = False
2967.4533 	EXP 	w1: autoDraw = False
2967.4533 	EXP 	w2: autoDraw = False
2967.4533 	EXP 	w3: autoDraw = False
2967.4533 	EXP 	w4: autoDraw = False
2967.4533 	EXP 	memory_period: autoDraw = False
2980.7691 	DATA 	Keypress: space
2980.7698 	EXP 	New trial (rep=0, index=7): OrderedDict([('type', u'leg'), ('word1', u'jog'), ('word2', u'trip'), ('word3', u'glide'), ('word4', u'skip')])
2980.7861 	EXP 	point: autoDraw = True
2983.8054 	EXP 	point: autoDraw = False
2983.8054 	EXP 	point: autoDraw = False
2983.8054 	EXP 	w1: text = u'jog'
2983.8054 	EXP 	w2: text = u'trip'
2983.8054 	EXP 	w3: text = u'glide'
2983.8054 	EXP 	w4: text = u'skip'
2983.8054 	EXP 	w1: autoDraw = True
2983.8883 	EXP 	w1: autoDraw = False
2984.2913 	EXP 	w2: autoDraw = True
2984.3917 	EXP 	w2: autoDraw = False
2984.7943 	EXP 	w3: autoDraw = True
2984.8781 	EXP 	w3: autoDraw = False
2985.2975 	EXP 	w4: autoDraw = True
2985.3813 	EXP 	w4: autoDraw = False
2985.3980 	EXP 	memory_period: autoDraw = True
2991.3853 	EXP 	memory_period: autoDraw = False
2991.3853 	EXP 	w1: autoDraw = False
2991.3853 	EXP 	w2: autoDraw = False
2991.3853 	EXP 	w3: autoDraw = False
2991.3853 	EXP 	w4: autoDraw = False
2991.3853 	EXP 	memory_period: autoDraw = False
3001.9510 	DATA 	Keypress: space
3001.9517 	EXP 	New trial (rep=0, index=8): OrderedDict([('type', u'leg'), ('word1', u'stroll'), ('word2', u'stand'), ('word3', u'stride'), ('word4', u'dance')])
3001.9675 	EXP 	point: autoDraw = True
3004.9865 	EXP 	point: autoDraw = False
3004.9865 	EXP 	point: autoDraw = False
3004.9865 	EXP 	w1: text = u'stroll'
3004.9865 	EXP 	w2: text = u'stand'
3004.9865 	EXP 	w3: text = u'stride'
3004.9865 	EXP 	w4: text = u'dance'
3004.9865 	EXP 	w1: autoDraw = True
3005.0701 	EXP 	w1: autoDraw = False
3005.4729 	EXP 	w2: autoDraw = True
3005.5734 	EXP 	w2: autoDraw = False
3005.9759 	EXP 	w3: autoDraw = True
3006.0598 	EXP 	w3: autoDraw = False
3006.4787 	EXP 	w4: autoDraw = True
3006.5629 	EXP 	w4: autoDraw = False
3006.5795 	EXP 	memory_period: autoDraw = True
3012.5669 	EXP 	memory_period: autoDraw = False
3012.5669 	EXP 	w1: autoDraw = False
3012.5669 	EXP 	w2: autoDraw = False
3012.5669 	EXP 	w3: autoDraw = False
3012.5669 	EXP 	w4: autoDraw = False
3012.5669 	EXP 	memory_period: autoDraw = False
3020.0800 	DATA 	Keypress: space
3020.0807 	EXP 	New trial (rep=0, index=9): OrderedDict([('type', u'arm'), ('word1', u'catch'), ('word2', u'poke'), ('word3', u'whip'), ('word4', u'chop')])
3020.0966 	EXP 	point: autoDraw = True
3023.1158 	EXP 	point: autoDraw = False
3023.1158 	EXP 	point: autoDraw = False
3023.1158 	EXP 	w1: text = u'catch'
3023.1158 	EXP 	w2: text = u'poke'
3023.1158 	EXP 	w3: text = u'whip'
3023.1158 	EXP 	w4: text = u'chop'
3023.1158 	EXP 	w1: autoDraw = True
3023.1996 	EXP 	w1: autoDraw = False
3023.6021 	EXP 	w2: autoDraw = True
3023.7027 	EXP 	w2: autoDraw = False
3024.1053 	EXP 	w3: autoDraw = True
3024.1890 	EXP 	w3: autoDraw = False
3024.6084 	EXP 	w4: autoDraw = True
3024.6922 	EXP 	w4: autoDraw = False
3024.7089 	EXP 	memory_period: autoDraw = True
3030.6960 	EXP 	memory_period: autoDraw = False
3030.6960 	EXP 	w1: autoDraw = False
3030.6960 	EXP 	w2: autoDraw = False
3030.6960 	EXP 	w3: autoDraw = False
3030.6960 	EXP 	w4: autoDraw = False
3030.6960 	EXP 	memory_period: autoDraw = False
3040.6756 	DATA 	Keypress: space
3040.6763 	EXP 	New trial (rep=0, index=10): OrderedDict([('type', u'arm'), ('word1', u'shake'), ('word2', u'pluck'), ('word3', u'pull'), ('word4', u'sign')])
3040.6916 	EXP 	point: autoDraw = True
3043.7104 	EXP 	point: autoDraw = False
3043.7104 	EXP 	point: autoDraw = False
3043.7104 	EXP 	w1: text = u'shake'
3043.7104 	EXP 	w2: text = u'pluck'
3043.7104 	EXP 	w3: text = u'pull'
3043.7104 	EXP 	w4: text = u'sign'
3043.7104 	EXP 	w1: autoDraw = True
3043.7942 	EXP 	w1: autoDraw = False
3044.1964 	EXP 	w2: autoDraw = True
3044.2974 	EXP 	w2: autoDraw = False
3044.6999 	EXP 	w3: autoDraw = True
3044.7837 	EXP 	w3: autoDraw = False
3045.2030 	EXP 	w4: autoDraw = True
3045.2865 	EXP 	w4: autoDraw = False
3045.3036 	EXP 	memory_period: autoDraw = True
3051.2908 	EXP 	memory_period: autoDraw = False
3051.2908 	EXP 	w1: autoDraw = False
3051.2908 	EXP 	w2: autoDraw = False
3051.2908 	EXP 	w3: autoDraw = False
3051.2908 	EXP 	w4: autoDraw = False
3051.2908 	EXP 	memory_period: autoDraw = False
3063.9359 	DATA 	Keypress: space
3063.9366 	EXP 	New trial (rep=0, index=11): OrderedDict([('type', u'arm'), ('word1', u'grab'), ('word2', u'rub'), ('word3', u'throw'), ('word4', u'scrape')])
3063.9529 	EXP 	point: autoDraw = True
3066.9716 	EXP 	point: autoDraw = False
3066.9716 	EXP 	point: autoDraw = False
3066.9716 	EXP 	w1: text = u'grab'
3066.9716 	EXP 	w2: text = u'rub'
3066.9716 	EXP 	w3: text = u'throw'
3066.9716 	EXP 	w4: text = u'scrape'
3066.9716 	EXP 	w1: autoDraw = True
3067.0551 	EXP 	w1: autoDraw = False
3067.4579 	EXP 	w2: autoDraw = True
3067.5585 	EXP 	w2: autoDraw = False
3067.9610 	EXP 	w3: autoDraw = True
3068.0443 	EXP 	w3: autoDraw = False
3068.4642 	EXP 	w4: autoDraw = True
3068.5481 	EXP 	w4: autoDraw = False
3068.5644 	EXP 	memory_period: autoDraw = True
3074.5520 	EXP 	memory_period: autoDraw = False
3074.5520 	EXP 	w1: autoDraw = False
3074.5520 	EXP 	w2: autoDraw = False
3074.5520 	EXP 	w3: autoDraw = False
3074.5520 	EXP 	w4: autoDraw = False
3074.5520 	EXP 	memory_period: autoDraw = False
3082.0152 	DATA 	Keypress: space
3082.0160 	EXP 	New trial (rep=0, index=12): OrderedDict([('type', u'leg'), ('word1', u'kneel'), ('word2', u'trample'), ('word3', u'jump'), ('word4', u'tiptoe')])
3082.0318 	EXP 	point: autoDraw = True
3085.0506 	EXP 	point: autoDraw = False
3085.0506 	EXP 	point: autoDraw = False
3085.0506 	EXP 	w1: text = u'kneel'
3085.0506 	EXP 	w2: text = u'trample'
3085.0506 	EXP 	w3: text = u'jump'
3085.0506 	EXP 	w4: text = u'tiptoe'
3085.0506 	EXP 	w1: autoDraw = True
3085.1342 	EXP 	w1: autoDraw = False
3085.5369 	EXP 	w2: autoDraw = True
3085.6376 	EXP 	w2: autoDraw = False
3086.0401 	EXP 	w3: autoDraw = True
3086.1236 	EXP 	w3: autoDraw = False
3086.5429 	EXP 	w4: autoDraw = True
3086.6270 	EXP 	w4: autoDraw = False
3086.6435 	EXP 	memory_period: autoDraw = True
3092.6310 	EXP 	memory_period: autoDraw = False
3092.6310 	EXP 	w1: autoDraw = False
3092.6310 	EXP 	w2: autoDraw = False
3092.6310 	EXP 	w3: autoDraw = False
3092.6310 	EXP 	w4: autoDraw = False
3092.6310 	EXP 	memory_period: autoDraw = False
3101.8552 	DATA 	Keypress: space
3101.8560 	EXP 	New trial (rep=0, index=13): OrderedDict([('type', u'arm'), ('word1', u'knock'), ('word2', u'clap'), ('word3', u'polish'), ('word4', u'scrub')])
3101.8717 	EXP 	point: autoDraw = True
3104.8905 	EXP 	point: autoDraw = False
3104.8905 	EXP 	point: autoDraw = False
3104.8905 	EXP 	w1: text = u'knock'
3104.8905 	EXP 	w2: text = u'clap'
3104.8905 	EXP 	w3: text = u'polish'
3104.8905 	EXP 	w4: text = u'scrub'
3104.8905 	EXP 	w1: autoDraw = True
3104.9744 	EXP 	w1: autoDraw = False
3105.3768 	EXP 	w2: autoDraw = True
3105.4775 	EXP 	w2: autoDraw = False
3105.8800 	EXP 	w3: autoDraw = True
3105.9634 	EXP 	w3: autoDraw = False
3106.3825 	EXP 	w4: autoDraw = True
3106.4670 	EXP 	w4: autoDraw = False
3106.4837 	EXP 	memory_period: autoDraw = True
3112.4708 	EXP 	memory_period: autoDraw = False
3112.4708 	EXP 	w1: autoDraw = False
3112.4708 	EXP 	w2: autoDraw = False
3112.4708 	EXP 	w3: autoDraw = False
3112.4708 	EXP 	w4: autoDraw = False
3112.4708 	EXP 	memory_period: autoDraw = False
3119.4142 	DATA 	Keypress: space
3119.4149 	EXP 	New trial (rep=0, index=14): OrderedDict([('type', u'arm'), ('word1', u'push'), ('word2', u'fold'), ('word3', u'gesture'), ('word4', u'scoop')])
3119.4306 	EXP 	point: autoDraw = True
3122.4496 	EXP 	point: autoDraw = False
3122.4496 	EXP 	point: autoDraw = False
3122.4496 	EXP 	w1: text = u'push'
3122.4496 	EXP 	w2: text = u'fold'
3122.4496 	EXP 	w3: text = u'gesture'
3122.4496 	EXP 	w4: text = u'scoop'
3122.4496 	EXP 	w1: autoDraw = True
3122.5334 	EXP 	w1: autoDraw = False
3122.9360 	EXP 	w2: autoDraw = True
3123.0366 	EXP 	w2: autoDraw = False
3123.4391 	EXP 	w3: autoDraw = True
3123.5228 	EXP 	w3: autoDraw = False
3123.9415 	EXP 	w4: autoDraw = True
3124.0261 	EXP 	w4: autoDraw = False
3124.0427 	EXP 	memory_period: autoDraw = True
3130.0301 	EXP 	memory_period: autoDraw = False
3130.0301 	EXP 	w1: autoDraw = False
3130.0301 	EXP 	w2: autoDraw = False
3130.0301 	EXP 	w3: autoDraw = False
3130.0301 	EXP 	w4: autoDraw = False
3130.0301 	EXP 	memory_period: autoDraw = False
3141.3841 	DATA 	Keypress: space
3141.3849 	EXP 	New trial (rep=0, index=15): OrderedDict([('type', u'arm'), ('word1', u'clean'), ('word2', u'scratch'), ('word3', u'brush'), ('word4', u'punch')])
3141.4004 	EXP 	point: autoDraw = True
3144.4194 	EXP 	point: autoDraw = False
3144.4194 	EXP 	point: autoDraw = False
3144.4194 	EXP 	w1: text = u'clean'
3144.4194 	EXP 	w2: text = u'scratch'
3144.4194 	EXP 	w3: text = u'brush'
3144.4194 	EXP 	w4: text = u'punch'
3144.4194 	EXP 	w1: autoDraw = True
3144.5032 	EXP 	w1: autoDraw = False
3144.9058 	EXP 	w2: autoDraw = True
3145.0065 	EXP 	w2: autoDraw = False
3145.4090 	EXP 	w3: autoDraw = True
3145.4929 	EXP 	w3: autoDraw = False
3145.9119 	EXP 	w4: autoDraw = True
3145.9959 	EXP 	w4: autoDraw = False
3146.0127 	EXP 	memory_period: autoDraw = True
3151.9992 	EXP 	memory_period: autoDraw = False
3151.9992 	EXP 	w1: autoDraw = False
3151.9992 	EXP 	w2: autoDraw = False
3151.9992 	EXP 	w3: autoDraw = False
3151.9992 	EXP 	w4: autoDraw = False
3151.9992 	EXP 	memory_period: autoDraw = False
3168.4356 	DATA 	Keypress: space
3168.4363 	EXP 	New trial (rep=0, index=16): OrderedDict([('type', u'leg'), ('word1', u'tramp'), ('word2', u'stumble'), ('word3', u'trek'), ('word4', u'walk')])
3168.4520 	EXP 	point: autoDraw = True
3171.4707 	EXP 	point: autoDraw = False
3171.4707 	EXP 	point: autoDraw = False
3171.4707 	EXP 	w1: text = u'tramp'
3171.4707 	EXP 	w2: text = u'stumble'
3171.4707 	EXP 	w3: text = u'trek'
3171.4707 	EXP 	w4: text = u'walk'
3171.4707 	EXP 	w1: autoDraw = True
3171.5547 	EXP 	w1: autoDraw = False
3171.9572 	EXP 	w2: autoDraw = True
3172.0576 	EXP 	w2: autoDraw = False
3172.4601 	EXP 	w3: autoDraw = True
3172.5442 	EXP 	w3: autoDraw = False
3172.9635 	EXP 	w4: autoDraw = True
3173.0473 	EXP 	w4: autoDraw = False
3173.0641 	EXP 	memory_period: autoDraw = True
3179.0512 	EXP 	memory_period: autoDraw = False
3179.0512 	EXP 	w1: autoDraw = False
3179.0512 	EXP 	w2: autoDraw = False
3179.0512 	EXP 	w3: autoDraw = False
3179.0512 	EXP 	w4: autoDraw = False
3179.0512 	EXP 	memory_period: autoDraw = False
3191.0427 	DATA 	Keypress: space
3191.0434 	EXP 	New trial (rep=0, index=17): OrderedDict([('type', u'arm'), ('word1', u'click'), ('word2', u'stab'), ('word3', u'bind'), ('word4', u'hug')])
3191.0592 	EXP 	point: autoDraw = True
3194.0773 	EXP 	point: autoDraw = False
3194.0773 	EXP 	point: autoDraw = False
3194.0773 	EXP 	w1: text = u'click'
3194.0773 	EXP 	w2: text = u'stab'
3194.0773 	EXP 	w3: text = u'bind'
3194.0773 	EXP 	w4: text = u'hug'
3194.0773 	EXP 	w1: autoDraw = True
3194.1618 	EXP 	w1: autoDraw = False
3194.5644 	EXP 	w2: autoDraw = True
3194.6650 	EXP 	w2: autoDraw = False
3195.0671 	EXP 	w3: autoDraw = True
3195.1513 	EXP 	w3: autoDraw = False
3195.5706 	EXP 	w4: autoDraw = True
3195.6545 	EXP 	w4: autoDraw = False
3195.6713 	EXP 	memory_period: autoDraw = True
3201.6574 	EXP 	memory_period: autoDraw = False
3201.6574 	EXP 	w1: autoDraw = False
3201.6574 	EXP 	w2: autoDraw = False
3201.6574 	EXP 	w3: autoDraw = False
3201.6574 	EXP 	w4: autoDraw = False
3201.6574 	EXP 	memory_period: autoDraw = False
3211.0000 	DATA 	Keypress: space
3211.0007 	EXP 	New trial (rep=0, index=18): OrderedDict([('type', u'arm'), ('word1', u'wrap'), ('word2', u'carve'), ('word3', u'dunk'), ('word4', u'grip')])
3211.0162 	EXP 	point: autoDraw = True
3214.0353 	EXP 	point: autoDraw = False
3214.0353 	EXP 	point: autoDraw = False
3214.0353 	EXP 	w1: text = u'wrap'
3214.0353 	EXP 	w2: text = u'carve'
3214.0353 	EXP 	w3: text = u'dunk'
3214.0353 	EXP 	w4: text = u'grip'
3214.0353 	EXP 	w1: autoDraw = True
3214.1193 	EXP 	w1: autoDraw = False
3214.5217 	EXP 	w2: autoDraw = True
3214.6223 	EXP 	w2: autoDraw = False
3215.0248 	EXP 	w3: autoDraw = True
3215.1084 	EXP 	w3: autoDraw = False
3215.5278 	EXP 	w4: autoDraw = True
3215.6118 	EXP 	w4: autoDraw = False
3215.6283 	EXP 	memory_period: autoDraw = True
3221.6155 	EXP 	memory_period: autoDraw = False
3221.6155 	EXP 	w1: autoDraw = False
3221.6155 	EXP 	w2: autoDraw = False
3221.6155 	EXP 	w3: autoDraw = False
3221.6155 	EXP 	w4: autoDraw = False
3221.6155 	EXP 	memory_period: autoDraw = False
3237.6825 	DATA 	Keypress: space
3237.6832 	EXP 	New trial (rep=0, index=19): OrderedDict([('type', u'leg'), ('word1', u'squat'), ('word2', u'slide'), ('word3', u'sneak'), ('word4', u'leap')])
3237.6990 	EXP 	point: autoDraw = True
3240.7178 	EXP 	point: autoDraw = False
3240.7178 	EXP 	point: autoDraw = False
3240.7178 	EXP 	w1: text = u'squat'
3240.7178 	EXP 	w2: text = u'slide'
3240.7178 	EXP 	w3: text = u'sneak'
3240.7178 	EXP 	w4: text = u'leap'
3240.7178 	EXP 	w1: autoDraw = True
3240.8016 	EXP 	w1: autoDraw = False
3241.2039 	EXP 	w2: autoDraw = True
3241.3045 	EXP 	w2: autoDraw = False
3241.7071 	EXP 	w3: autoDraw = True
3241.7912 	EXP 	w3: autoDraw = False
3242.2104 	EXP 	w4: autoDraw = True
3242.2940 	EXP 	w4: autoDraw = False
3242.3110 	EXP 	memory_period: autoDraw = True
3248.2983 	EXP 	memory_period: autoDraw = False
3248.2983 	EXP 	w1: autoDraw = False
3248.2983 	EXP 	w2: autoDraw = False
3248.2983 	EXP 	w3: autoDraw = False
3248.2983 	EXP 	w4: autoDraw = False
3248.2983 	EXP 	memory_period: autoDraw = False
3256.9689 	DATA 	Keypress: space
3257.0191 	EXP 	text_6: text = 'End of part 1\n\nPress space bar to continue'
3257.0191 	EXP 	text_6: autoDraw = True
3315.7174 	DATA 	Keypress: space
3315.7179 	EXP 	New trial (rep=0, index=1): OrderedDict([('BlockType', u'HANDS'), ('Effector', u'hands'), ('BlockLabel', u'with hand drumming'), ('BlockInstructions', u'perform a rhythmic exercise with your hands')])
3315.9183 	EXP 	text_6: autoDraw = False
3315.9183 	EXP 	block_intro: text = u'Part 2\n\nYou will see four words flashed one after another and you have to memorize them in the order they were presented.\n\nThis time, immediately after the fourth word, you will have to perform a rhythmic exercise with your hands until you hear a beep. At the beep, you have to repeat the four words.\n\nPress space bar to continue'
3315.9183 	EXP 	block_intro: autoDraw = True
3315.9183 	EXP 	text_19: autoDraw = True
3340.9742 	DATA 	Keypress: space
3341.0913 	EXP 	block_intro: autoDraw = False
3341.0913 	EXP 	text_19: autoDraw = False
3341.0913 	EXP 	text_11: text = u'The experimenter will now explain to you the rhythmic pattern you have to perform with your hands. You will get plenty of practice before starting with the actual task.'
3341.0913 	EXP 	text_11: autoDraw = True
3341.0913 	EXP 	text_20: autoDraw = True
3581.2504 	DATA 	Keypress: return
3581.2663 	EXP 	text_11: autoDraw = False
3581.2663 	EXP 	text_20: autoDraw = False
3581.2663 	EXP 	text_4: text = 'Now you will first do some practice trials before starting the real task.\n\nPress space bar to continue'
3581.2663 	EXP 	text_4: autoDraw = True
3581.2663 	EXP 	text_21: autoDraw = True
3614.2220 	DATA 	Keypress: space
3614.2231 	EXP 	Created sequence: random, trialTypes=1, nReps=20, seed=None
3614.2242 	EXP 	New trial (rep=0, index=0): None
3614.2278 	EXP 	Imported stimuli\random_lists\p702_b2_memory_training.csv as conditions, 4 conditions, 5 params
3614.2281 	EXP 	Created sequence: random, trialTypes=4, nReps=1, seed=None
3614.2285 	EXP 	New trial (rep=0, index=0): OrderedDict([('type', u'training'), ('word1', u'chew'), ('word2', u'stay'), ('word3', u'look'), ('word4', u'ruin')])
3614.2385 	EXP 	text_4: autoDraw = False
3614.2385 	EXP 	text_21: autoDraw = False
3614.2385 	EXP 	point: autoDraw = True
3617.2572 	EXP 	point: autoDraw = False
3617.2572 	EXP 	point: autoDraw = False
3617.2572 	EXP 	w1: text = u'chew'
3617.2572 	EXP 	w2: text = u'stay'
3617.2572 	EXP 	w3: text = u'look'
3617.2572 	EXP 	w4: text = u'ruin'
3617.2572 	EXP 	w1: autoDraw = True
3617.3411 	EXP 	w1: autoDraw = False
3617.7433 	EXP 	w2: autoDraw = True
3617.8440 	EXP 	w2: autoDraw = False
3618.2467 	EXP 	w3: autoDraw = True
3618.3306 	EXP 	w3: autoDraw = False
3618.7499 	EXP 	w4: autoDraw = True
3618.8335 	EXP 	w4: autoDraw = False
3618.8505 	EXP 	memory_period: autoDraw = True
3624.8377 	EXP 	memory_period: autoDraw = False
3624.8377 	EXP 	w1: autoDraw = False
3624.8377 	EXP 	w2: autoDraw = False
3624.8377 	EXP 	w3: autoDraw = False
3624.8377 	EXP 	w4: autoDraw = False
3624.8377 	EXP 	memory_period: autoDraw = False
3630.0704 	DATA 	Keypress: space
3630.0713 	EXP 	New trial (rep=0, index=1): OrderedDict([('type', u'training'), ('word1', u'wait'), ('word2', u'like'), ('word3', u'print'), ('word4', u'blush')])
3630.0870 	EXP 	point: autoDraw = True
3633.1057 	EXP 	point: autoDraw = False
3633.1057 	EXP 	point: autoDraw = False
3633.1057 	EXP 	w1: text = u'wait'
3633.1057 	EXP 	w2: text = u'like'
3633.1057 	EXP 	w3: text = u'print'
3633.1057 	EXP 	w4: text = u'blush'
3633.1057 	EXP 	w1: autoDraw = True
3633.1896 	EXP 	w1: autoDraw = False
3633.5920 	EXP 	w2: autoDraw = True
3633.6925 	EXP 	w2: autoDraw = False
3634.0952 	EXP 	w3: autoDraw = True
3634.1791 	EXP 	w3: autoDraw = False
3634.5983 	EXP 	w4: autoDraw = True
3634.6821 	EXP 	w4: autoDraw = False
3634.6990 	EXP 	memory_period: autoDraw = True
3640.6862 	EXP 	memory_period: autoDraw = False
3640.6862 	EXP 	w1: autoDraw = False
3640.6862 	EXP 	w2: autoDraw = False
3640.6862 	EXP 	w3: autoDraw = False
3640.6862 	EXP 	w4: autoDraw = False
3640.6862 	EXP 	memory_period: autoDraw = False
3647.3779 	DATA 	Keypress: space
3647.3786 	EXP 	New trial (rep=0, index=2): OrderedDict([('type', u'training'), ('word1', u'save'), ('word2', u'lick'), ('word3', u'soothe'), ('word4', u'yell')])
3647.3944 	EXP 	point: autoDraw = True
3650.4130 	EXP 	point: autoDraw = False
3650.4130 	EXP 	point: autoDraw = False
3650.4130 	EXP 	w1: text = u'save'
3650.4130 	EXP 	w2: text = u'lick'
3650.4130 	EXP 	w3: text = u'soothe'
3650.4130 	EXP 	w4: text = u'yell'
3650.4130 	EXP 	w1: autoDraw = True
3650.4971 	EXP 	w1: autoDraw = False
3650.8996 	EXP 	w2: autoDraw = True
3651.0003 	EXP 	w2: autoDraw = False
3651.4021 	EXP 	w3: autoDraw = True
3651.4866 	EXP 	w3: autoDraw = False
3651.9059 	EXP 	w4: autoDraw = True
3651.9898 	EXP 	w4: autoDraw = False
3652.0065 	EXP 	memory_period: autoDraw = True
3657.9943 	EXP 	memory_period: autoDraw = False
3657.9943 	EXP 	w1: autoDraw = False
3657.9943 	EXP 	w2: autoDraw = False
3657.9943 	EXP 	w3: autoDraw = False
3657.9943 	EXP 	w4: autoDraw = False
3657.9943 	EXP 	memory_period: autoDraw = False
3668.2577 	DATA 	Keypress: space
3668.2585 	EXP 	New trial (rep=0, index=3): OrderedDict([('type', u'training'), ('word1', u'sigh'), ('word2', u'bless'), ('word3', u'stare'), ('word4', u'thank')])
3668.2743 	EXP 	point: autoDraw = True
3671.2929 	EXP 	point: autoDraw = False
3671.2929 	EXP 	point: autoDraw = False
3671.2929 	EXP 	w1: text = u'sigh'
3671.2929 	EXP 	w2: text = u'bless'
3671.2929 	EXP 	w3: text = u'stare'
3671.2929 	EXP 	w4: text = u'thank'
3671.2929 	EXP 	w1: autoDraw = True
3671.3769 	EXP 	w1: autoDraw = False
3671.7782 	EXP 	w2: autoDraw = True
3671.8797 	EXP 	w2: autoDraw = False
3672.2825 	EXP 	w3: autoDraw = True
3672.3664 	EXP 	w3: autoDraw = False
3672.7853 	EXP 	w4: autoDraw = True
3672.8694 	EXP 	w4: autoDraw = False
3672.8863 	EXP 	memory_period: autoDraw = True
3678.8735 	EXP 	memory_period: autoDraw = False
3678.8735 	EXP 	w1: autoDraw = False
3678.8735 	EXP 	w2: autoDraw = False
3678.8735 	EXP 	w3: autoDraw = False
3678.8735 	EXP 	w4: autoDraw = False
3678.8735 	EXP 	memory_period: autoDraw = False
3687.5442 	DATA 	Keypress: space
3687.5602 	EXP 	text_5: autoDraw = True
3758.4347 	DATA 	Keypress: s
3758.4512 	EXP 	text_5: autoDraw = False
3758.4512 	EXP 	text_3: autoDraw = True
3760.7994 	DATA 	Keypress: space
3760.8928 	EXP 	Imported stimuli\random_lists\p702_b2_memory_targets.csv as conditions, 20 conditions, 5 params
3760.8932 	EXP 	Created sequence: sequential, trialTypes=20, nReps=1, seed=None
3760.8935 	EXP 	New trial (rep=0, index=0): OrderedDict([('type', u'arm'), ('word1', u'punch'), ('word2', u'pat'), ('word3', u'clap'), ('word4', u'bind')])
3760.8997 	EXP 	text_3: autoDraw = False
3760.8997 	EXP 	point: autoDraw = True
3763.9185 	EXP 	point: autoDraw = False
3763.9185 	EXP 	point: autoDraw = False
3763.9185 	EXP 	w1: text = u'punch'
3763.9185 	EXP 	w2: text = u'pat'
3763.9185 	EXP 	w3: text = u'clap'
3763.9185 	EXP 	w4: text = u'bind'
3763.9185 	EXP 	w1: autoDraw = True
3764.0023 	EXP 	w1: autoDraw = False
3764.4048 	EXP 	w2: autoDraw = True
3764.5051 	EXP 	w2: autoDraw = False
3764.9080 	EXP 	w3: autoDraw = True
3764.9918 	EXP 	w3: autoDraw = False
3765.4111 	EXP 	w4: autoDraw = True
3765.4949 	EXP 	w4: autoDraw = False
3765.5117 	EXP 	memory_period: autoDraw = True
3771.4989 	EXP 	memory_period: autoDraw = False
3771.4989 	EXP 	w1: autoDraw = False
3771.4989 	EXP 	w2: autoDraw = False
3771.4989 	EXP 	w3: autoDraw = False
3771.4989 	EXP 	w4: autoDraw = False
3771.4989 	EXP 	memory_period: autoDraw = False
3785.8887 	DATA 	Keypress: space
3785.8895 	EXP 	New trial (rep=0, index=1): OrderedDict([('type', u'leg'), ('word1', u'stumble'), ('word2', u'tiptoe'), ('word3', u'skate'), ('word4', u'strut')])
3785.9045 	EXP 	point: autoDraw = True
3788.9237 	EXP 	point: autoDraw = False
3788.9237 	EXP 	point: autoDraw = False
3788.9237 	EXP 	w1: text = u'stumble'
3788.9237 	EXP 	w2: text = u'tiptoe'
3788.9237 	EXP 	w3: text = u'skate'
3788.9237 	EXP 	w4: text = u'strut'
3788.9237 	EXP 	w1: autoDraw = True
3789.0077 	EXP 	w1: autoDraw = False
3789.4102 	EXP 	w2: autoDraw = True
3789.5108 	EXP 	w2: autoDraw = False
3789.9131 	EXP 	w3: autoDraw = True
3789.9972 	EXP 	w3: autoDraw = False
3790.4165 	EXP 	w4: autoDraw = True
3790.5003 	EXP 	w4: autoDraw = False
3790.5171 	EXP 	memory_period: autoDraw = True
3796.5034 	EXP 	memory_period: autoDraw = False
3796.5034 	EXP 	w1: autoDraw = False
3796.5034 	EXP 	w2: autoDraw = False
3796.5034 	EXP 	w3: autoDraw = False
3796.5034 	EXP 	w4: autoDraw = False
3796.5034 	EXP 	memory_period: autoDraw = False
3820.2022 	DATA 	Keypress: space
3820.2029 	EXP 	New trial (rep=0, index=2): OrderedDict([('type', u'arm'), ('word1', u'pull'), ('word2', u'clean'), ('word3', u'sign'), ('word4', u'whip')])
3820.2183 	EXP 	point: autoDraw = True
3823.2371 	EXP 	point: autoDraw = False
3823.2371 	EXP 	point: autoDraw = False
3823.2371 	EXP 	w1: text = u'pull'
3823.2371 	EXP 	w2: text = u'clean'
3823.2371 	EXP 	w3: text = u'sign'
3823.2371 	EXP 	w4: text = u'whip'
3823.2371 	EXP 	w1: autoDraw = True
3823.3209 	EXP 	w1: autoDraw = False
3823.7230 	EXP 	w2: autoDraw = True
3823.8073 	EXP 	w2: autoDraw = False
3824.2266 	EXP 	w3: autoDraw = True
3824.3104 	EXP 	w3: autoDraw = False
3824.7297 	EXP 	w4: autoDraw = True
3824.8130 	EXP 	w4: autoDraw = False
3824.8303 	EXP 	memory_period: autoDraw = True
3830.8174 	EXP 	memory_period: autoDraw = False
3830.8174 	EXP 	w1: autoDraw = False
3830.8174 	EXP 	w2: autoDraw = False
3830.8174 	EXP 	w3: autoDraw = False
3830.8174 	EXP 	w4: autoDraw = False
3830.8174 	EXP 	memory_period: autoDraw = False
3855.2529 	DATA 	Keypress: space
3855.2537 	EXP 	New trial (rep=0, index=3): OrderedDict([('type', u'arm'), ('word1', u'hug'), ('word2', u'pluck'), ('word3', u'chop'), ('word4', u'catch')])
3855.2693 	EXP 	point: autoDraw = True
3858.2882 	EXP 	point: autoDraw = False
3858.2882 	EXP 	point: autoDraw = False
3858.2882 	EXP 	w1: text = u'hug'
3858.2882 	EXP 	w2: text = u'pluck'
3858.2882 	EXP 	w3: text = u'chop'
3858.2882 	EXP 	w4: text = u'catch'
3858.2882 	EXP 	w1: autoDraw = True
3858.3720 	EXP 	w1: autoDraw = False
3858.7745 	EXP 	w2: autoDraw = True
3858.8752 	EXP 	w2: autoDraw = False
3859.2777 	EXP 	w3: autoDraw = True
3859.3613 	EXP 	w3: autoDraw = False
3859.7806 	EXP 	w4: autoDraw = True
3859.8647 	EXP 	w4: autoDraw = False
3859.8812 	EXP 	memory_period: autoDraw = True
3865.8687 	EXP 	memory_period: autoDraw = False
3865.8687 	EXP 	w1: autoDraw = False
3865.8687 	EXP 	w2: autoDraw = False
3865.8687 	EXP 	w3: autoDraw = False
3865.8687 	EXP 	w4: autoDraw = False
3865.8687 	EXP 	memory_period: autoDraw = False
3896.4757 	DATA 	Keypress: space
3896.4764 	EXP 	New trial (rep=0, index=4): OrderedDict([('type', u'arm'), ('word1', u'scoop'), ('word2', u'polish'), ('word3', u'peel'), ('word4', u'throw')])
3896.4923 	EXP 	point: autoDraw = True
3899.5110 	EXP 	point: autoDraw = False
3899.5110 	EXP 	point: autoDraw = False
3899.5110 	EXP 	w1: text = u'scoop'
3899.5110 	EXP 	w2: text = u'polish'
3899.5110 	EXP 	w3: text = u'peel'
3899.5110 	EXP 	w4: text = u'throw'
3899.5110 	EXP 	w1: autoDraw = True
3899.5948 	EXP 	w1: autoDraw = False
3899.9974 	EXP 	w2: autoDraw = True
3900.0973 	EXP 	w2: autoDraw = False
3900.5006 	EXP 	w3: autoDraw = True
3900.5843 	EXP 	w3: autoDraw = False
3901.0036 	EXP 	w4: autoDraw = True
3901.0870 	EXP 	w4: autoDraw = False
3901.1042 	EXP 	memory_period: autoDraw = True
3907.0914 	EXP 	memory_period: autoDraw = False
3907.0914 	EXP 	w1: autoDraw = False
3907.0914 	EXP 	w2: autoDraw = False
3907.0914 	EXP 	w3: autoDraw = False
3907.0914 	EXP 	w4: autoDraw = False
3907.0914 	EXP 	memory_period: autoDraw = False
3928.2396 	DATA 	Keypress: space
3928.2404 	EXP 	New trial (rep=0, index=5): OrderedDict([('type', u'leg'), ('word1', u'slide'), ('word2', u'slip'), ('word3', u'limp'), ('word4', u'wade')])
3928.2560 	EXP 	point: autoDraw = True
3931.2750 	EXP 	point: autoDraw = False
3931.2750 	EXP 	point: autoDraw = False
3931.2750 	EXP 	w1: text = u'slide'
3931.2750 	EXP 	w2: text = u'slip'
3931.2750 	EXP 	w3: text = u'limp'
3931.2750 	EXP 	w4: text = u'wade'
3931.2750 	EXP 	w1: autoDraw = True
3931.3587 	EXP 	w1: autoDraw = False
3931.7614 	EXP 	w2: autoDraw = True
3931.8620 	EXP 	w2: autoDraw = False
3932.2645 	EXP 	w3: autoDraw = True
3932.3482 	EXP 	w3: autoDraw = False
3932.7674 	EXP 	w4: autoDraw = True
3932.8515 	EXP 	w4: autoDraw = False
3932.8682 	EXP 	memory_period: autoDraw = True
3938.8551 	EXP 	memory_period: autoDraw = False
3938.8551 	EXP 	w1: autoDraw = False
3938.8551 	EXP 	w2: autoDraw = False
3938.8551 	EXP 	w3: autoDraw = False
3938.8551 	EXP 	w4: autoDraw = False
3938.8551 	EXP 	memory_period: autoDraw = False
3962.4690 	DATA 	Keypress: space
3962.4697 	EXP 	New trial (rep=0, index=6): OrderedDict([('type', u'leg'), ('word1', u'flee'), ('word2', u'kneel'), ('word3', u'trample'), ('word4', u'run')])
3962.4853 	EXP 	point: autoDraw = True
3965.5039 	EXP 	point: autoDraw = False
3965.5039 	EXP 	point: autoDraw = False
3965.5039 	EXP 	w1: text = u'flee'
3965.5039 	EXP 	w2: text = u'kneel'
3965.5039 	EXP 	w3: text = u'trample'
3965.5039 	EXP 	w4: text = u'run'
3965.5039 	EXP 	w1: autoDraw = True
3965.5882 	EXP 	w1: autoDraw = False
3965.9907 	EXP 	w2: autoDraw = True
3966.0913 	EXP 	w2: autoDraw = False
3966.4935 	EXP 	w3: autoDraw = True
3966.5776 	EXP 	w3: autoDraw = False
3966.9970 	EXP 	w4: autoDraw = True
3967.0808 	EXP 	w4: autoDraw = False
3967.0976 	EXP 	memory_period: autoDraw = True
3973.0837 	EXP 	memory_period: autoDraw = False
3973.0837 	EXP 	w1: autoDraw = False
3973.0837 	EXP 	w2: autoDraw = False
3973.0837 	EXP 	w3: autoDraw = False
3973.0837 	EXP 	w4: autoDraw = False
3973.0837 	EXP 	memory_period: autoDraw = False
4007.5825 	DATA 	Keypress: space
4007.5833 	EXP 	New trial (rep=0, index=7): OrderedDict([('type', u'arm'), ('word1', u'poke'), ('word2', u'scrape'), ('word3', u'shake'), ('word4', u'fold')])
4007.5991 	EXP 	point: autoDraw = True
4010.6180 	EXP 	point: autoDraw = False
4010.6180 	EXP 	point: autoDraw = False
4010.6180 	EXP 	w1: text = u'poke'
4010.6180 	EXP 	w2: text = u'scrape'
4010.6180 	EXP 	w3: text = u'shake'
4010.6180 	EXP 	w4: text = u'fold'
4010.6180 	EXP 	w1: autoDraw = True
4010.7009 	EXP 	w1: autoDraw = False
4011.1044 	EXP 	w2: autoDraw = True
4011.2050 	EXP 	w2: autoDraw = False
4011.6075 	EXP 	w3: autoDraw = True
4011.6911 	EXP 	w3: autoDraw = False
4012.1102 	EXP 	w4: autoDraw = True
4012.1943 	EXP 	w4: autoDraw = False
4012.2110 	EXP 	memory_period: autoDraw = True
4018.1984 	EXP 	memory_period: autoDraw = False
4018.1984 	EXP 	w1: autoDraw = False
4018.1984 	EXP 	w2: autoDraw = False
4018.1984 	EXP 	w3: autoDraw = False
4018.1984 	EXP 	w4: autoDraw = False
4018.1984 	EXP 	memory_period: autoDraw = False
4048.2694 	DATA 	Keypress: space
4048.2701 	EXP 	New trial (rep=0, index=8): OrderedDict([('type', u'leg'), ('word1', u'glide'), ('word2', u'stomp'), ('word3', u'sprint'), ('word4', u'jump')])
4048.2852 	EXP 	point: autoDraw = True
4051.3041 	EXP 	point: autoDraw = False
4051.3041 	EXP 	point: autoDraw = False
4051.3041 	EXP 	w1: text = u'glide'
4051.3041 	EXP 	w2: text = u'stomp'
4051.3041 	EXP 	w3: text = u'sprint'
4051.3041 	EXP 	w4: text = u'jump'
4051.3041 	EXP 	w1: autoDraw = True
4051.3880 	EXP 	w1: autoDraw = False
4051.7901 	EXP 	w2: autoDraw = True
4051.8911 	EXP 	w2: autoDraw = False
4052.2936 	EXP 	w3: autoDraw = True
4052.3774 	EXP 	w3: autoDraw = False
4052.7967 	EXP 	w4: autoDraw = True
4052.8805 	EXP 	w4: autoDraw = False
4052.8971 	EXP 	memory_period: autoDraw = True
4058.8845 	EXP 	memory_period: autoDraw = False
4058.8845 	EXP 	w1: autoDraw = False
4058.8845 	EXP 	w2: autoDraw = False
4058.8845 	EXP 	w3: autoDraw = False
4058.8845 	EXP 	w4: autoDraw = False
4058.8845 	EXP 	memory_period: autoDraw = False
4086.9257 	DATA 	Keypress: space
4086.9268 	EXP 	New trial (rep=0, index=9): OrderedDict([('type', u'leg'), ('word1', u'tramp'), ('word2', u'bounce'), ('word3', u'jog'), ('word4', u'kick')])
4086.9423 	EXP 	point: autoDraw = True
4089.9610 	EXP 	point: autoDraw = False
4089.9610 	EXP 	point: autoDraw = False
4089.9610 	EXP 	w1: text = u'tramp'
4089.9610 	EXP 	w2: text = u'bounce'
4089.9610 	EXP 	w3: text = u'jog'
4089.9610 	EXP 	w4: text = u'kick'
4089.9610 	EXP 	w1: autoDraw = True
4090.0448 	EXP 	w1: autoDraw = False
4090.4470 	EXP 	w2: autoDraw = True
4090.5477 	EXP 	w2: autoDraw = False
4090.9504 	EXP 	w3: autoDraw = True
4091.0343 	EXP 	w3: autoDraw = False
4091.4536 	EXP 	w4: autoDraw = True
4091.5372 	EXP 	w4: autoDraw = False
4091.5542 	EXP 	memory_period: autoDraw = True
4097.5414 	EXP 	memory_period: autoDraw = False
4097.5414 	EXP 	w1: autoDraw = False
4097.5414 	EXP 	w2: autoDraw = False
4097.5414 	EXP 	w3: autoDraw = False
4097.5414 	EXP 	w4: autoDraw = False
4097.5414 	EXP 	memory_period: autoDraw = False
4113.6920 	DATA 	Keypress: space
4113.6928 	EXP 	New trial (rep=0, index=10): OrderedDict([('type', u'arm'), ('word1', u'carve'), ('word2', u'scrub'), ('word3', u'click'), ('word4', u'wipe')])
4113.7085 	EXP 	point: autoDraw = True
4116.7271 	EXP 	point: autoDraw = False
4116.7271 	EXP 	point: autoDraw = False
4116.7271 	EXP 	w1: text = u'carve'
4116.7271 	EXP 	w2: text = u'scrub'
4116.7271 	EXP 	w3: text = u'click'
4116.7271 	EXP 	w4: text = u'wipe'
4116.7271 	EXP 	w1: autoDraw = True
4116.8111 	EXP 	w1: autoDraw = False
4117.2136 	EXP 	w2: autoDraw = True
4117.3142 	EXP 	w2: autoDraw = False
4117.7172 	EXP 	w3: autoDraw = True
4117.8006 	EXP 	w3: autoDraw = False
4118.2199 	EXP 	w4: autoDraw = True
4118.3037 	EXP 	w4: autoDraw = False
4118.3205 	EXP 	memory_period: autoDraw = True
4124.3071 	EXP 	memory_period: autoDraw = False
4124.3071 	EXP 	w1: autoDraw = False
4124.3071 	EXP 	w2: autoDraw = False
4124.3071 	EXP 	w3: autoDraw = False
4124.3071 	EXP 	w4: autoDraw = False
4124.3071 	EXP 	memory_period: autoDraw = False
4151.7445 	DATA 	Keypress: space
4151.7452 	EXP 	New trial (rep=0, index=11): OrderedDict([('type', u'leg'), ('word1', u'leap'), ('word2', u'pedal'), ('word3', u'walk'), ('word4', u'march')])
4151.7616 	EXP 	point: autoDraw = True
4154.7804 	EXP 	point: autoDraw = False
4154.7804 	EXP 	point: autoDraw = False
4154.7804 	EXP 	w1: text = u'leap'
4154.7804 	EXP 	w2: text = u'pedal'
4154.7804 	EXP 	w3: text = u'walk'
4154.7804 	EXP 	w4: text = u'march'
4154.7804 	EXP 	w1: autoDraw = True
4154.8635 	EXP 	w1: autoDraw = False
4155.2666 	EXP 	w2: autoDraw = True
4155.3674 	EXP 	w2: autoDraw = False
4155.7699 	EXP 	w3: autoDraw = True
4155.8532 	EXP 	w3: autoDraw = False
4156.2725 	EXP 	w4: autoDraw = True
4156.3566 	EXP 	w4: autoDraw = False
4156.3729 	EXP 	memory_period: autoDraw = True
4162.3608 	EXP 	memory_period: autoDraw = False
4162.3608 	EXP 	w1: autoDraw = False
4162.3608 	EXP 	w2: autoDraw = False
4162.3608 	EXP 	w3: autoDraw = False
4162.3608 	EXP 	w4: autoDraw = False
4162.3608 	EXP 	memory_period: autoDraw = False
4185.1694 	DATA 	Keypress: space
4185.1702 	EXP 	New trial (rep=0, index=12): OrderedDict([('type', u'arm'), ('word1', u'squeeze'), ('word2', u'grip'), ('word3', u'stab'), ('word4', u'push')])
4185.1859 	EXP 	point: autoDraw = True
4188.2047 	EXP 	point: autoDraw = False
4188.2047 	EXP 	point: autoDraw = False
4188.2047 	EXP 	w1: text = u'squeeze'
4188.2047 	EXP 	w2: text = u'grip'
4188.2047 	EXP 	w3: text = u'stab'
4188.2047 	EXP 	w4: text = u'push'
4188.2047 	EXP 	w1: autoDraw = True
4188.2886 	EXP 	w1: autoDraw = False
4188.6909 	EXP 	w2: autoDraw = True
4188.7910 	EXP 	w2: autoDraw = False
4189.1941 	EXP 	w3: autoDraw = True
4189.2781 	EXP 	w3: autoDraw = False
4189.6972 	EXP 	w4: autoDraw = True
4189.7808 	EXP 	w4: autoDraw = False
4189.7979 	EXP 	memory_period: autoDraw = True
4195.7851 	EXP 	memory_period: autoDraw = False
4195.7851 	EXP 	w1: autoDraw = False
4195.7851 	EXP 	w2: autoDraw = False
4195.7851 	EXP 	w3: autoDraw = False
4195.7851 	EXP 	w4: autoDraw = False
4195.7851 	EXP 	memory_period: autoDraw = False
4219.4155 	DATA 	Keypress: space
4219.4162 	EXP 	New trial (rep=0, index=13): OrderedDict([('type', u'leg'), ('word1', u'dance'), ('word2', u'hop'), ('word3', u'rush'), ('word4', u'stroll')])
4219.4320 	EXP 	point: autoDraw = True
4222.4501 	EXP 	point: autoDraw = False
4222.4501 	EXP 	point: autoDraw = False
4222.4501 	EXP 	w1: text = u'dance'
4222.4501 	EXP 	w2: text = u'hop'
4222.4501 	EXP 	w3: text = u'rush'
4222.4501 	EXP 	w4: text = u'stroll'
4222.4501 	EXP 	w1: autoDraw = True
4222.5347 	EXP 	w1: autoDraw = False
4222.9372 	EXP 	w2: autoDraw = True
4223.0378 	EXP 	w2: autoDraw = False
4223.4396 	EXP 	w3: autoDraw = True
4223.5242 	EXP 	w3: autoDraw = False
4223.9434 	EXP 	w4: autoDraw = True
4224.0273 	EXP 	w4: autoDraw = False
4224.0440 	EXP 	memory_period: autoDraw = True
4230.0313 	EXP 	memory_period: autoDraw = False
4230.0313 	EXP 	w1: autoDraw = False
4230.0313 	EXP 	w2: autoDraw = False
4230.0313 	EXP 	w3: autoDraw = False
4230.0313 	EXP 	w4: autoDraw = False
4230.0313 	EXP 	memory_period: autoDraw = False
4251.5150 	DATA 	Keypress: space
4251.5158 	EXP 	New trial (rep=0, index=14): OrderedDict([('type', u'arm'), ('word1', u'dunk'), ('word2', u'snatch'), ('word3', u'grab'), ('word4', u'gesture')])
4251.5315 	EXP 	point: autoDraw = True
4254.5503 	EXP 	point: autoDraw = False
4254.5503 	EXP 	point: autoDraw = False
4254.5503 	EXP 	w1: text = u'dunk'
4254.5503 	EXP 	w2: text = u'snatch'
4254.5503 	EXP 	w3: text = u'grab'
4254.5503 	EXP 	w4: text = u'gesture'
4254.5503 	EXP 	w1: autoDraw = True
4254.6341 	EXP 	w1: autoDraw = False
4255.0366 	EXP 	w2: autoDraw = True
4255.1372 	EXP 	w2: autoDraw = False
4255.5394 	EXP 	w3: autoDraw = True
4255.6236 	EXP 	w3: autoDraw = False
4256.0429 	EXP 	w4: autoDraw = True
4256.1267 	EXP 	w4: autoDraw = False
4256.1435 	EXP 	memory_period: autoDraw = True
4262.1307 	EXP 	memory_period: autoDraw = False
4262.1307 	EXP 	w1: autoDraw = False
4262.1307 	EXP 	w2: autoDraw = False
4262.1307 	EXP 	w3: autoDraw = False
4262.1307 	EXP 	w4: autoDraw = False
4262.1307 	EXP 	memory_period: autoDraw = False
4290.5569 	DATA 	Keypress: space
4290.5576 	EXP 	New trial (rep=0, index=15): OrderedDict([('type', u'leg'), ('word1', u'stride'), ('word2', u'trek'), ('word3', u'stand'), ('word4', u'stray')])
4290.5741 	EXP 	point: autoDraw = True
4293.5929 	EXP 	point: autoDraw = False
4293.5929 	EXP 	point: autoDraw = False
4293.5929 	EXP 	w1: text = u'stride'
4293.5929 	EXP 	w2: text = u'trek'
4293.5929 	EXP 	w3: text = u'stand'
4293.5929 	EXP 	w4: text = u'stray'
4293.5929 	EXP 	w1: autoDraw = True
4293.6760 	EXP 	w1: autoDraw = False
4294.0791 	EXP 	w2: autoDraw = True
4294.1798 	EXP 	w2: autoDraw = False
4294.5823 	EXP 	w3: autoDraw = True
4294.6659 	EXP 	w3: autoDraw = False
4295.0852 	EXP 	w4: autoDraw = True
4295.1693 	EXP 	w4: autoDraw = False
4295.1858 	EXP 	memory_period: autoDraw = True
4301.1733 	EXP 	memory_period: autoDraw = False
4301.1733 	EXP 	w1: autoDraw = False
4301.1733 	EXP 	w2: autoDraw = False
4301.1733 	EXP 	w3: autoDraw = False
4301.1733 	EXP 	w4: autoDraw = False
4301.1733 	EXP 	memory_period: autoDraw = False
4324.3841 	DATA 	Keypress: space
4324.3849 	EXP 	New trial (rep=0, index=16): OrderedDict([('type', u'arm'), ('word1', u'rub'), ('word2', u'pinch'), ('word3', u'knock'), ('word4', u'scratch')])
4324.4010 	EXP 	point: autoDraw = True
4327.4197 	EXP 	point: autoDraw = False
4327.4197 	EXP 	point: autoDraw = False
4327.4197 	EXP 	w1: text = u'rub'
4327.4197 	EXP 	w2: text = u'pinch'
4327.4197 	EXP 	w3: text = u'knock'
4327.4197 	EXP 	w4: text = u'scratch'
4327.4197 	EXP 	w1: autoDraw = True
4327.5033 	EXP 	w1: autoDraw = False
4327.9062 	EXP 	w2: autoDraw = True
4328.0066 	EXP 	w2: autoDraw = False
4328.4092 	EXP 	w3: autoDraw = True
4328.4930 	EXP 	w3: autoDraw = False
4328.9123 	EXP 	w4: autoDraw = True
4328.9954 	EXP 	w4: autoDraw = False
4329.0129 	EXP 	memory_period: autoDraw = True
4335.0001 	EXP 	memory_period: autoDraw = False
4335.0001 	EXP 	w1: autoDraw = False
4335.0001 	EXP 	w2: autoDraw = False
4335.0001 	EXP 	w3: autoDraw = False
4335.0001 	EXP 	w4: autoDraw = False
4335.0001 	EXP 	memory_period: autoDraw = False
4358.6976 	DATA 	Keypress: space
4358.6983 	EXP 	New trial (rep=0, index=17): OrderedDict([('type', u'leg'), ('word1', u'hike'), ('word2', u'trip'), ('word3', u'wander'), ('word4', u'skip')])
4358.7140 	EXP 	point: autoDraw = True
4361.7324 	EXP 	point: autoDraw = False
4361.7324 	EXP 	point: autoDraw = False
4361.7324 	EXP 	w1: text = u'hike'
4361.7324 	EXP 	w2: text = u'trip'
4361.7324 	EXP 	w3: text = u'wander'
4361.7324 	EXP 	w4: text = u'skip'
4361.7324 	EXP 	w1: autoDraw = True
4361.8167 	EXP 	w1: autoDraw = False
4362.2192 	EXP 	w2: autoDraw = True
4362.3199 	EXP 	w2: autoDraw = False
4362.7218 	EXP 	w3: autoDraw = True
4362.8062 	EXP 	w3: autoDraw = False
4363.2254 	EXP 	w4: autoDraw = True
4363.3093 	EXP 	w4: autoDraw = False
4363.3261 	EXP 	memory_period: autoDraw = True
4369.3122 	EXP 	memory_period: autoDraw = False
4369.3122 	EXP 	w1: autoDraw = False
4369.3122 	EXP 	w2: autoDraw = False
4369.3122 	EXP 	w3: autoDraw = False
4369.3122 	EXP 	w4: autoDraw = False
4369.3122 	EXP 	memory_period: autoDraw = False
4388.3652 	DATA 	Keypress: space
4388.3660 	EXP 	New trial (rep=0, index=18): OrderedDict([('type', u'arm'), ('word1', u'wrap'), ('word2', u'slap'), ('word3', u'brush'), ('word4', u'dig')])
4388.3815 	EXP 	point: autoDraw = True
4391.4003 	EXP 	point: autoDraw = False
4391.4003 	EXP 	point: autoDraw = False
4391.4003 	EXP 	w1: text = u'wrap'
4391.4003 	EXP 	w2: text = u'slap'
4391.4003 	EXP 	w3: text = u'brush'
4391.4003 	EXP 	w4: text = u'dig'
4391.4003 	EXP 	w1: autoDraw = True
4391.4843 	EXP 	w1: autoDraw = False
4391.8869 	EXP 	w2: autoDraw = True
4391.9875 	EXP 	w2: autoDraw = False
4392.3897 	EXP 	w3: autoDraw = True
4392.4738 	EXP 	w3: autoDraw = False
4392.8931 	EXP 	w4: autoDraw = True
4392.9770 	EXP 	w4: autoDraw = False
4392.9927 	EXP 	memory_period: autoDraw = True
4398.9801 	EXP 	memory_period: autoDraw = False
4398.9801 	EXP 	w1: autoDraw = False
4398.9801 	EXP 	w2: autoDraw = False
4398.9801 	EXP 	w3: autoDraw = False
4398.9801 	EXP 	w4: autoDraw = False
4398.9801 	EXP 	memory_period: autoDraw = False
4422.3932 	DATA 	Keypress: space
4422.3940 	EXP 	New trial (rep=0, index=19): OrderedDict([('type', u'leg'), ('word1', u'squat'), ('word2', u'step'), ('word3', u'cycle'), ('word4', u'sneak')])
4422.4097 	EXP 	point: autoDraw = True
4425.4957 	EXP 	point: autoDraw = False
4425.4957 	EXP 	point: autoDraw = False
4425.4957 	EXP 	w1: text = u'squat'
4425.4957 	EXP 	w2: text = u'step'
4425.4957 	EXP 	w3: text = u'cycle'
4425.4957 	EXP 	w4: text = u'sneak'
4425.4957 	EXP 	w1: autoDraw = True
4425.5126 	EXP 	w1: autoDraw = False
4425.9150 	EXP 	w2: autoDraw = True
4426.0156 	EXP 	w2: autoDraw = False
4426.4179 	EXP 	w3: autoDraw = True
4426.5019 	EXP 	w3: autoDraw = False
4426.9212 	EXP 	w4: autoDraw = True
4427.0051 	EXP 	w4: autoDraw = False
4427.0219 	EXP 	memory_period: autoDraw = True
4433.0082 	EXP 	memory_period: autoDraw = False
4433.0082 	EXP 	w1: autoDraw = False
4433.0082 	EXP 	w2: autoDraw = False
4433.0082 	EXP 	w3: autoDraw = False
4433.0082 	EXP 	w4: autoDraw = False
4433.0082 	EXP 	memory_period: autoDraw = False
4468.8988 	DATA 	Keypress: space
4468.9489 	EXP 	text_6: text = 'End of part 2\n\nPress space bar to continue'
4468.9489 	EXP 	text_6: autoDraw = True
4513.3081 	DATA 	Keypress: space
4513.3241 	EXP 	text_6: autoDraw = False
4513.3241 	EXP 	text: autoDraw = True
4513.9287 	DATA 	Keypress: space
4514.7839 	DATA 	Keypress: return
4515.0632 	EXP 	window1: mouseVisible = True
