14.0934 	WARNING 	User requested fullscreen with size [1024  768], but screen is actually [1366, 768]. Using actual size
15.0405 	EXP 	Created window1 = Window(allowGUI=False, allowStencil=False, args=UNKNOWN, autoLog=True, bitsMode=UNKNOWN, blendMode='avg', color=array([ 0.,  0.,  0.]), colorSpace='rgb', fullscr=UNKNOWN, gamma=None, kwargs=UNKNOWN, lms=UNKNOWN, monitor=<psychopy.monitors.calibTools.Monitor object at 0x15462750>, multiSample=False, name='window1', numSamples=2, pos=[0, 0], screen=0, size=array([1366,  768]), stereo=False, units=u'norm', useFBO=True, useRetina=False, viewOri=0.0, viewPos=None, viewScale=None, waitBlanking=True, winType=u'pyglet')
15.0406 	EXP 	window1: recordFrameIntervals = False
15.2077 	EXP 	window1: recordFrameIntervals = True
15.3924 	EXP 	window1: recordFrameIntervals = False
15.4982 	EXP 	Created intro_text = TextStim(alignHoriz='center', alignVert='center', antialias=True, autoLog=True, bold=False, color='white', colorSpace='named', contrast=1.0, depth=-1.0, flipHoriz=False, flipVert=False, font='Arial', fontFiles=[], height=0.1, italic=False, name='intro_text', opacity=1.0, ori=0, pos=array([ 0.,  0.]), rgb=array([ 255.,  255.,  255.]), text=newstr(...), units=u'norm', win=Window(...), wrapWidth=1)
15.6943 	EXP 	Created text = TextStim(alignHoriz='center', alignVert='center', antialias=True, autoLog=True, bold=False, color='white', colorSpace='named', contrast=1.0, depth=0.0, flipHoriz=False, flipVert=False, font='Arial', fontFiles=[], height=0.1, italic=False, name='text', opacity=1.0, ori=0, pos=array([ 0.,  0.]), rgb=array([ 255.,  255.,  255.]), text=newstr(...), units=u'norm', win=Window(...), wrapWidth=1)
15.8141 	EXP 	Created text_2 = TextStim(alignHoriz='center', alignVert='center', antialias=True, autoLog=True, bold=False, color='white', colorSpace='named', contrast=1.0, depth=0.0, flipHoriz=False, flipVert=False, font='Arial', fontFiles=[], height=0.1, italic=False, name='text_2', opacity=1.0, ori=0, pos=array([ 0.,  0.]), rgb=array([ 255.,  255.,  255.]), text=newstr(...), units=u'norm', win=Window(...), wrapWidth=1)
15.9827 	EXP 	Created text_3 = TextStim(alignHoriz='center', alignVert='center', antialias=True, autoLog=True, bold=False, color='white', colorSpace='named', contrast=1.0, depth=0.0, flipHoriz=False, flipVert=False, font='Arial', fontFiles=[], height=0.1, italic=False, name='text_3', opacity=1.0, ori=0, pos=array([ 0.,  0.]), rgb=array([ 255.,  255.,  255.]), text=newstr(...), units=u'norm', win=Window(...), wrapWidth=1)
16.1227 	EXP 	Created text_4 = TextStim(alignHoriz='center', alignVert='center', antialias=True, autoLog=True, bold=False, color='white', colorSpace='named', contrast=1.0, depth=0.0, flipHoriz=False, flipVert=False, font='Arial', fontFiles=[], height=0.1, italic=False, name='text_4', opacity=1.0, ori=0, pos=array([ 0.,  0.]), rgb=array([ 255.,  255.,  255.]), text=newstr(...), units=u'norm', win=Window(...), wrapWidth=1)
16.1709 	EXP 	Created text_7 = TextStim(alignHoriz='center', alignVert='center', antialias=True, autoLog=True, bold=False, color='white', colorSpace='named', contrast=1.0, depth=0.0, flipHoriz=False, flipVert=False, font='Arial', fontFiles=[], height=0.1, italic=False, name='text_7', opacity=1.0, ori=0, pos=array([ 0.,  0.]), rgb=array([ 255.,  255.,  255.]), text=newstr(...), units=u'norm', win=Window(...), wrapWidth=1)
16.1891 	EXP 	Created text_5 = TextStim(alignHoriz='center', alignVert='center', antialias=True, autoLog=True, bold=False, color='white', colorSpace='named', contrast=1.0, depth=0.0, flipHoriz=False, flipVert=False, font='Arial', fontFiles=[], height=0.15, italic=False, name='text_5', opacity=1.0, ori=0, pos=array([ 0. ,  0.1]), rgb=array([ 255.,  255.,  255.]), text='default text', units=u'norm', win=Window(...), wrapWidth=1)
16.2043 	EXP 	Created text_9 = TextStim(alignHoriz='center', alignVert='center', antialias=True, autoLog=True, bold=False, color='white', colorSpace='named', contrast=1.0, depth=-2.0, flipHoriz=False, flipVert=False, font='Arial', fontFiles=[], height=0.1, italic=False, name='text_9', opacity=1.0, ori=0, pos=array([ 0. , -0.3]), rgb=array([ 255.,  255.,  255.]), text='"y" = yes   "n" = no', units=u'norm', win=Window(...), wrapWidth=1)
16.2050 	EXP 	Created text_6 = TextStim(alignHoriz='center', alignVert='center', antialias=True, autoLog=True, bold=False, color='white', colorSpace='named', contrast=1.0, depth=0.0, flipHoriz=False, flipVert=False, font='Arial', fontFiles=[], height=0.1, italic=False, name='text_6', opacity=1.0, ori=0, pos=array([ 0.,  0.]), rgb=array([ 255.,  255.,  255.]), text='', units=u'norm', win=Window(...), wrapWidth=1)
16.2405 	EXP 	Created text_8 = TextStim(alignHoriz='center', alignVert='center', antialias=True, autoLog=True, bold=False, color='white', colorSpace='named', contrast=1.0, depth=0.0, flipHoriz=False, flipVert=False, font='Arial', fontFiles=[], height=0.1, italic=False, name='text_8', opacity=1.0, ori=0, pos=array([ 0.,  0.]), rgb=array([ 255.,  255.,  255.]), text=newstr(...), units=u'norm', win=Window(...), wrapWidth=1)
16.2647 	EXP 	intro_text: autoDraw = True
28.3561 	DATA 	Keypress: space
28.3727 	EXP 	intro_text: autoDraw = False
28.3727 	EXP 	text: autoDraw = True
50.9632 	DATA 	Keypress: space
50.9798 	EXP 	text: autoDraw = False
50.9798 	EXP 	text_2: autoDraw = True
58.8790 	DATA 	Keypress: space
58.8953 	EXP 	text_2: autoDraw = False
58.8953 	EXP 	text_3: autoDraw = True
76.6225 	DATA 	Keypress: space
76.6391 	EXP 	text_3: autoDraw = False
76.6391 	EXP 	text_4: autoDraw = True
89.6199 	DATA 	Keypress: space
89.6365 	EXP 	text_4: autoDraw = False
89.6365 	EXP 	text_7: autoDraw = True
93.0411 	DATA 	Keypress: space
93.0467 	EXP 	Imported lextale_items.csv as conditions, 63 conditions, 3 params
93.0472 	EXP 	Created sequence: sequential, trialTypes=63, nReps=1, seed=None
93.0476 	EXP 	New trial (rep=0, index=0): OrderedDict([('item_number_', 0), ('item', u'platery'), ('correct_ans', u'n')])
93.0745 	EXP 	text_7: autoDraw = False
93.0745 	EXP 	text_5: text = u'platery'
93.0745 	EXP 	text_5: autoDraw = True
93.0745 	EXP 	text_9: autoDraw = True
105.6863 	DATA 	Keypress: n
105.7029 	EXP 	text_5: autoDraw = False
105.7029 	EXP 	text_9: autoDraw = False
105.7029 	EXP 	text_6: autoDraw = True
106.1897 	EXP 	New trial (rep=0, index=1): OrderedDict([('item_number_', 0), ('item', u'denial'), ('correct_ans', u'y')])
106.2061 	EXP 	text_6: autoDraw = False
106.2061 	EXP 	text_5: text = u'denial'
106.2061 	EXP 	text_5: autoDraw = True
106.2061 	EXP 	text_9: autoDraw = True
107.4473 	DATA 	Keypress: y
107.4638 	EXP 	text_5: autoDraw = False
107.4638 	EXP 	text_9: autoDraw = False
107.4638 	EXP 	text_6: autoDraw = True
107.9506 	EXP 	New trial (rep=0, index=2): OrderedDict([('item_number_', 0), ('item', u'generic'), ('correct_ans', u'y')])
107.9670 	EXP 	text_6: autoDraw = False
107.9670 	EXP 	text_5: text = u'generic'
107.9670 	EXP 	text_5: autoDraw = True
107.9670 	EXP 	text_9: autoDraw = True
108.9734 	DATA 	Keypress: y
108.9900 	EXP 	text_5: autoDraw = False
108.9900 	EXP 	text_9: autoDraw = False
108.9900 	EXP 	text_6: autoDraw = True
109.4768 	EXP 	New trial (rep=0, index=3): OrderedDict([('item_number_', 1), ('item', u'mensible'), ('correct_ans', u'n')])
109.4931 	EXP 	text_6: autoDraw = False
109.4931 	EXP 	text_5: text = u'mensible'
109.4931 	EXP 	text_5: autoDraw = True
109.4931 	EXP 	text_9: autoDraw = True
116.5203 	DATA 	Keypress: n
116.5368 	EXP 	text_5: autoDraw = False
116.5368 	EXP 	text_9: autoDraw = False
116.5368 	EXP 	text_6: autoDraw = True
117.0236 	EXP 	New trial (rep=0, index=4): OrderedDict([('item_number_', 2), ('item', u'scornful'), ('correct_ans', u'y')])
117.0400 	EXP 	text_6: autoDraw = False
117.0400 	EXP 	text_5: text = u'scornful'
117.0400 	EXP 	text_5: autoDraw = True
117.0400 	EXP 	text_9: autoDraw = True
119.9248 	DATA 	Keypress: y
119.9413 	EXP 	text_5: autoDraw = False
119.9413 	EXP 	text_9: autoDraw = False
119.9413 	EXP 	text_6: autoDraw = True
120.4281 	EXP 	New trial (rep=0, index=5): OrderedDict([('item_number_', 3), ('item', u'stoutly'), ('correct_ans', u'y')])
120.4444 	EXP 	text_6: autoDraw = False
120.4444 	EXP 	text_5: text = u'stoutly'
120.4444 	EXP 	text_5: autoDraw = True
120.4444 	EXP 	text_9: autoDraw = True
122.5410 	DATA 	Keypress: y
122.5575 	EXP 	text_5: autoDraw = False
122.5575 	EXP 	text_9: autoDraw = False
122.5575 	EXP 	text_6: autoDraw = True
123.0443 	EXP 	New trial (rep=0, index=6): OrderedDict([('item_number_', 4), ('item', u'ablaze'), ('correct_ans', u'y')])
123.0607 	EXP 	text_6: autoDraw = False
123.0607 	EXP 	text_5: text = u'ablaze'
123.0607 	EXP 	text_5: autoDraw = True
123.0607 	EXP 	text_9: autoDraw = True
124.6548 	DATA 	Keypress: y
124.6874 	EXP 	text_5: autoDraw = False
124.6874 	EXP 	text_9: autoDraw = False
124.6874 	EXP 	text_6: autoDraw = True
125.1742 	EXP 	New trial (rep=0, index=7): OrderedDict([('item_number_', 5), ('item', u'kermshaw'), ('correct_ans', u'n')])
125.1906 	EXP 	text_6: autoDraw = False
125.1906 	EXP 	text_5: text = u'kermshaw'
125.1906 	EXP 	text_5: autoDraw = True
125.1906 	EXP 	text_9: autoDraw = True
130.0879 	DATA 	Keypress: n
130.1044 	EXP 	text_5: autoDraw = False
130.1044 	EXP 	text_9: autoDraw = False
130.1044 	EXP 	text_6: autoDraw = True
130.5912 	EXP 	New trial (rep=0, index=8): OrderedDict([('item_number_', 6), ('item', u'moonlit'), ('correct_ans', u'y')])
130.6075 	EXP 	text_6: autoDraw = False
130.6075 	EXP 	text_5: text = u'moonlit'
130.6075 	EXP 	text_5: autoDraw = True
130.6075 	EXP 	text_9: autoDraw = True
131.9997 	DATA 	Keypress: y
132.0163 	EXP 	text_5: autoDraw = False
132.0163 	EXP 	text_9: autoDraw = False
132.0163 	EXP 	text_6: autoDraw = True
132.5031 	EXP 	New trial (rep=0, index=9): OrderedDict([('item_number_', 7), ('item', u'lofty'), ('correct_ans', u'y')])
132.5194 	EXP 	text_6: autoDraw = False
132.5194 	EXP 	text_5: text = u'lofty'
132.5194 	EXP 	text_5: autoDraw = True
132.5194 	EXP 	text_9: autoDraw = True
134.5656 	DATA 	Keypress: y
134.5822 	EXP 	text_5: autoDraw = False
134.5822 	EXP 	text_9: autoDraw = False
134.5822 	EXP 	text_6: autoDraw = True
135.0690 	EXP 	New trial (rep=0, index=10): OrderedDict([('item_number_', 8), ('item', u'hurricane'), ('correct_ans', u'y')])
135.0853 	EXP 	text_6: autoDraw = False
135.0853 	EXP 	text_5: text = u'hurricane'
135.0853 	EXP 	text_5: autoDraw = True
135.0853 	EXP 	text_9: autoDraw = True
136.1757 	DATA 	Keypress: y
136.1922 	EXP 	text_5: autoDraw = False
136.1922 	EXP 	text_9: autoDraw = False
136.1922 	EXP 	text_6: autoDraw = True
136.6790 	EXP 	New trial (rep=0, index=11): OrderedDict([('item_number_', 9), ('item', u'flaw'), ('correct_ans', u'y')])
136.6953 	EXP 	text_6: autoDraw = False
136.6953 	EXP 	text_5: text = u'flaw'
136.6953 	EXP 	text_5: autoDraw = True
136.6953 	EXP 	text_9: autoDraw = True
137.7857 	DATA 	Keypress: y
137.8022 	EXP 	text_5: autoDraw = False
137.8022 	EXP 	text_9: autoDraw = False
137.8022 	EXP 	text_6: autoDraw = True
138.2890 	EXP 	New trial (rep=0, index=12): OrderedDict([('item_number_', 10), ('item', u'alberation'), ('correct_ans', u'n')])
138.3053 	EXP 	text_6: autoDraw = False
138.3053 	EXP 	text_5: text = u'alberation'
138.3053 	EXP 	text_5: autoDraw = True
138.3053 	EXP 	text_9: autoDraw = True
140.3684 	DATA 	Keypress: y
140.3849 	EXP 	text_5: autoDraw = False
140.3849 	EXP 	text_9: autoDraw = False
140.3849 	EXP 	text_6: autoDraw = True
140.8717 	EXP 	New trial (rep=0, index=13): OrderedDict([('item_number_', 11), ('item', u'unkempt'), ('correct_ans', u'y')])
140.8880 	EXP 	text_6: autoDraw = False
140.8880 	EXP 	text_5: text = u'unkempt'
140.8880 	EXP 	text_5: autoDraw = True
140.8880 	EXP 	text_9: autoDraw = True
143.8902 	DATA 	Keypress: n
143.9066 	EXP 	text_5: autoDraw = False
143.9066 	EXP 	text_9: autoDraw = False
143.9066 	EXP 	text_6: autoDraw = True
144.3936 	EXP 	New trial (rep=0, index=14): OrderedDict([('item_number_', 12), ('item', u'breeding'), ('correct_ans', u'y')])
144.4099 	EXP 	text_6: autoDraw = False
144.4099 	EXP 	text_5: text = u'breeding'
144.4099 	EXP 	text_5: autoDraw = True
144.4099 	EXP 	text_9: autoDraw = True
145.6344 	DATA 	Keypress: y
145.6509 	EXP 	text_5: autoDraw = False
145.6509 	EXP 	text_9: autoDraw = False
145.6509 	EXP 	text_6: autoDraw = True
146.1377 	EXP 	New trial (rep=0, index=15): OrderedDict([('item_number_', 13), ('item', u'festivity'), ('correct_ans', u'y')])
146.1712 	EXP 	text_6: autoDraw = False
146.1712 	EXP 	text_5: text = u'festivity'
146.1712 	EXP 	text_5: autoDraw = True
146.1712 	EXP 	text_9: autoDraw = True
147.2947 	DATA 	Keypress: y
147.3112 	EXP 	text_5: autoDraw = False
147.3112 	EXP 	text_9: autoDraw = False
147.3112 	EXP 	text_6: autoDraw = True
147.7979 	EXP 	New trial (rep=0, index=16): OrderedDict([('item_number_', 14), ('item', u'screech'), ('correct_ans', u'y')])
147.8144 	EXP 	text_6: autoDraw = False
147.8144 	EXP 	text_5: text = u'screech'
147.8144 	EXP 	text_5: autoDraw = True
147.8144 	EXP 	text_9: autoDraw = True
149.4582 	DATA 	Keypress: y
149.4747 	EXP 	text_5: autoDraw = False
149.4747 	EXP 	text_9: autoDraw = False
149.4747 	EXP 	text_6: autoDraw = True
149.9615 	EXP 	New trial (rep=0, index=17): OrderedDict([('item_number_', 15), ('item', u'savoury'), ('correct_ans', u'y')])
149.9778 	EXP 	text_6: autoDraw = False
149.9778 	EXP 	text_5: text = u'savoury'
149.9778 	EXP 	text_5: autoDraw = True
149.9778 	EXP 	text_9: autoDraw = True
151.0849 	DATA 	Keypress: y
151.1014 	EXP 	text_5: autoDraw = False
151.1014 	EXP 	text_9: autoDraw = False
151.1014 	EXP 	text_6: autoDraw = True
151.5882 	EXP 	New trial (rep=0, index=18): OrderedDict([('item_number_', 16), ('item', u'plaudate'), ('correct_ans', u'n')])
151.6046 	EXP 	text_6: autoDraw = False
151.6046 	EXP 	text_5: text = u'plaudate'
151.6046 	EXP 	text_5: autoDraw = True
151.6046 	EXP 	text_9: autoDraw = True
152.9129 	DATA 	Keypress: n
152.9295 	EXP 	text_5: autoDraw = False
152.9295 	EXP 	text_9: autoDraw = False
152.9295 	EXP 	text_6: autoDraw = True
153.4163 	EXP 	New trial (rep=0, index=19): OrderedDict([('item_number_', 17), ('item', u'shin'), ('correct_ans', u'y')])
153.4326 	EXP 	text_6: autoDraw = False
153.4326 	EXP 	text_5: text = u'shin'
153.4326 	EXP 	text_5: autoDraw = True
153.4326 	EXP 	text_9: autoDraw = True
157.9274 	DATA 	Keypress: n
157.9439 	EXP 	text_5: autoDraw = False
157.9439 	EXP 	text_9: autoDraw = False
157.9439 	EXP 	text_6: autoDraw = True
158.4307 	EXP 	New trial (rep=0, index=20): OrderedDict([('item_number_', 18), ('item', u'fluid'), ('correct_ans', u'y')])
158.4470 	EXP 	text_6: autoDraw = False
158.4470 	EXP 	text_5: text = u'fluid'
158.4470 	EXP 	text_5: autoDraw = True
158.4470 	EXP 	text_9: autoDraw = True
159.3361 	DATA 	Keypress: y
159.3526 	EXP 	text_5: autoDraw = False
159.3526 	EXP 	text_9: autoDraw = False
159.3526 	EXP 	text_6: autoDraw = True
159.8395 	EXP 	New trial (rep=0, index=21): OrderedDict([('item_number_', 19), ('item', u'spaunch'), ('correct_ans', u'n')])
159.8558 	EXP 	text_6: autoDraw = False
159.8558 	EXP 	text_5: text = u'spaunch'
159.8558 	EXP 	text_5: autoDraw = True
159.8558 	EXP 	text_9: autoDraw = True
161.9524 	DATA 	Keypress: n
161.9689 	EXP 	text_5: autoDraw = False
161.9689 	EXP 	text_9: autoDraw = False
161.9689 	EXP 	text_6: autoDraw = True
162.4556 	EXP 	New trial (rep=0, index=22): OrderedDict([('item_number_', 20), ('item', u'allied'), ('correct_ans', u'y')])
162.4720 	EXP 	text_6: autoDraw = False
162.4720 	EXP 	text_5: text = u'allied'
162.4720 	EXP 	text_5: autoDraw = True
162.4720 	EXP 	text_9: autoDraw = True
163.4282 	DATA 	Keypress: y
163.4448 	EXP 	text_5: autoDraw = False
163.4448 	EXP 	text_9: autoDraw = False
163.4448 	EXP 	text_6: autoDraw = True
163.9316 	EXP 	New trial (rep=0, index=23): OrderedDict([('item_number_', 21), ('item', u'slain'), ('correct_ans', u'y')])
163.9479 	EXP 	text_6: autoDraw = False
163.9479 	EXP 	text_5: text = u'slain'
163.9479 	EXP 	text_5: autoDraw = True
163.9479 	EXP 	text_9: autoDraw = True
165.3904 	DATA 	Keypress: y
165.4069 	EXP 	text_5: autoDraw = False
165.4069 	EXP 	text_9: autoDraw = False
165.4069 	EXP 	text_6: autoDraw = True
165.8937 	EXP 	New trial (rep=0, index=24): OrderedDict([('item_number_', 22), ('item', u'recipient'), ('correct_ans', u'y')])
165.9100 	EXP 	text_6: autoDraw = False
165.9100 	EXP 	text_5: text = u'recipient'
165.9100 	EXP 	text_5: autoDraw = True
165.9100 	EXP 	text_9: autoDraw = True
166.8830 	DATA 	Keypress: y
166.8996 	EXP 	text_5: autoDraw = False
166.8996 	EXP 	text_9: autoDraw = False
166.8996 	EXP 	text_6: autoDraw = True
167.3864 	EXP 	New trial (rep=0, index=25): OrderedDict([('item_number_', 23), ('item', u'exprate'), ('correct_ans', u'n')])
167.4026 	EXP 	text_6: autoDraw = False
167.4026 	EXP 	text_5: text = u'exprate'
167.4026 	EXP 	text_5: autoDraw = True
167.4026 	EXP 	text_9: autoDraw = True
169.2980 	DATA 	Keypress: n
169.3145 	EXP 	text_5: autoDraw = False
169.3145 	EXP 	text_9: autoDraw = False
169.3145 	EXP 	text_6: autoDraw = True
169.8014 	EXP 	New trial (rep=0, index=26): OrderedDict([('item_number_', 24), ('item', u'eloquence'), ('correct_ans', u'y')])
169.8345 	EXP 	text_6: autoDraw = False
169.8345 	EXP 	text_5: text = u'eloquence'
169.8345 	EXP 	text_5: autoDraw = True
169.8345 	EXP 	text_9: autoDraw = True
171.2937 	DATA 	Keypress: y
171.3103 	EXP 	text_5: autoDraw = False
171.3103 	EXP 	text_9: autoDraw = False
171.3103 	EXP 	text_6: autoDraw = True
171.7971 	EXP 	New trial (rep=0, index=27): OrderedDict([('item_number_', 25), ('item', u'cleanliness'), ('correct_ans', u'y')])
171.8133 	EXP 	text_6: autoDraw = False
171.8133 	EXP 	text_5: text = u'cleanliness'
171.8133 	EXP 	text_5: autoDraw = True
171.8133 	EXP 	text_9: autoDraw = True
172.9370 	DATA 	Keypress: y
172.9538 	EXP 	text_5: autoDraw = False
172.9538 	EXP 	text_9: autoDraw = False
172.9538 	EXP 	text_6: autoDraw = True
173.4406 	EXP 	New trial (rep=0, index=28): OrderedDict([('item_number_', 26), ('item', u'dispatch'), ('correct_ans', u'y')])
173.4569 	EXP 	text_6: autoDraw = False
173.4569 	EXP 	text_5: text = u'dispatch'
173.4569 	EXP 	text_5: autoDraw = True
173.4569 	EXP 	text_9: autoDraw = True
174.2286 	DATA 	Keypress: y
174.2451 	EXP 	text_5: autoDraw = False
174.2451 	EXP 	text_9: autoDraw = False
174.2451 	EXP 	text_6: autoDraw = True
174.7319 	EXP 	New trial (rep=0, index=29): OrderedDict([('item_number_', 27), ('item', u'rebondicate'), ('correct_ans', u'n')])
174.7483 	EXP 	text_6: autoDraw = False
174.7483 	EXP 	text_5: text = u'rebondicate'
174.7483 	EXP 	text_5: autoDraw = True
174.7483 	EXP 	text_9: autoDraw = True
177.0964 	DATA 	Keypress: y
177.1130 	EXP 	text_5: autoDraw = False
177.1130 	EXP 	text_9: autoDraw = False
177.1130 	EXP 	text_6: autoDraw = True
177.5998 	EXP 	New trial (rep=0, index=30): OrderedDict([('item_number_', 28), ('item', u'ingenious'), ('correct_ans', u'y')])
177.6161 	EXP 	text_6: autoDraw = False
177.6161 	EXP 	text_5: text = u'ingenious'
177.6161 	EXP 	text_5: autoDraw = True
177.6161 	EXP 	text_9: autoDraw = True
178.5219 	DATA 	Keypress: y
178.5385 	EXP 	text_5: autoDraw = False
178.5385 	EXP 	text_9: autoDraw = False
178.5385 	EXP 	text_6: autoDraw = True
179.0253 	EXP 	New trial (rep=0, index=31): OrderedDict([('item_number_', 29), ('item', u'bewitch'), ('correct_ans', u'y')])
179.0416 	EXP 	text_6: autoDraw = False
179.0416 	EXP 	text_5: text = u'bewitch'
179.0416 	EXP 	text_5: autoDraw = True
179.0416 	EXP 	text_9: autoDraw = True
180.0816 	DATA 	Keypress: y
180.0976 	EXP 	text_5: autoDraw = False
180.0976 	EXP 	text_9: autoDraw = False
180.0976 	EXP 	text_6: autoDraw = True
180.5850 	EXP 	New trial (rep=0, index=32): OrderedDict([('item_number_', 30), ('item', u'skave'), ('correct_ans', u'n')])
180.6013 	EXP 	text_6: autoDraw = False
180.6013 	EXP 	text_5: text = u'skave'
180.6013 	EXP 	text_5: autoDraw = True
180.6013 	EXP 	text_9: autoDraw = True
182.1109 	DATA 	Keypress: n
182.1274 	EXP 	text_5: autoDraw = False
182.1274 	EXP 	text_9: autoDraw = False
182.1274 	EXP 	text_6: autoDraw = True
182.6142 	EXP 	New trial (rep=0, index=33): OrderedDict([('item_number_', 31), ('item', u'plaintively'), ('correct_ans', u'y')])
182.6473 	EXP 	text_6: autoDraw = False
182.6473 	EXP 	text_5: text = u'plaintively'
182.6473 	EXP 	text_5: autoDraw = True
182.6473 	EXP 	text_9: autoDraw = True
191.2510 	DATA 	Keypress: n
191.2675 	EXP 	text_5: autoDraw = False
191.2675 	EXP 	text_9: autoDraw = False
191.2675 	EXP 	text_6: autoDraw = True
191.7543 	EXP 	New trial (rep=0, index=34): OrderedDict([('item_number_', 32), ('item', u'kilp'), ('correct_ans', u'n')])
191.7706 	EXP 	text_6: autoDraw = False
191.7706 	EXP 	text_5: text = u'kilp'
191.7706 	EXP 	text_5: autoDraw = True
191.7706 	EXP 	text_9: autoDraw = True
193.9679 	DATA 	Keypress: n
193.9844 	EXP 	text_5: autoDraw = False
193.9844 	EXP 	text_9: autoDraw = False
193.9844 	EXP 	text_6: autoDraw = True
194.4712 	EXP 	New trial (rep=0, index=35): OrderedDict([('item_number_', 33), ('item', u'interfate'), ('correct_ans', u'n')])
194.4875 	EXP 	text_6: autoDraw = False
194.4875 	EXP 	text_5: text = u'interfate'
194.4875 	EXP 	text_5: autoDraw = True
194.4875 	EXP 	text_9: autoDraw = True
197.1711 	DATA 	Keypress: n
197.1876 	EXP 	text_5: autoDraw = False
197.1876 	EXP 	text_9: autoDraw = False
197.1876 	EXP 	text_6: autoDraw = True
197.6744 	EXP 	New trial (rep=0, index=36): OrderedDict([('item_number_', 34), ('item', u'hasty'), ('correct_ans', u'y')])
197.6907 	EXP 	text_6: autoDraw = False
197.6907 	EXP 	text_5: text = u'hasty'
197.6907 	EXP 	text_5: autoDraw = True
197.6907 	EXP 	text_9: autoDraw = True
198.5631 	DATA 	Keypress: y
198.5796 	EXP 	text_5: autoDraw = False
198.5796 	EXP 	text_9: autoDraw = False
198.5796 	EXP 	text_6: autoDraw = True
199.0664 	EXP 	New trial (rep=0, index=37): OrderedDict([('item_number_', 35), ('item', u'lengthy'), ('correct_ans', u'y')])
199.0826 	EXP 	text_6: autoDraw = False
199.0826 	EXP 	text_5: text = u'lengthy'
199.0826 	EXP 	text_5: autoDraw = True
199.0826 	EXP 	text_9: autoDraw = True
199.8880 	DATA 	Keypress: y
199.9045 	EXP 	text_5: autoDraw = False
199.9045 	EXP 	text_9: autoDraw = False
199.9045 	EXP 	text_6: autoDraw = True
200.3913 	EXP 	New trial (rep=0, index=38): OrderedDict([('item_number_', 36), ('item', u'fray'), ('correct_ans', u'y')])
200.4076 	EXP 	text_6: autoDraw = False
200.4076 	EXP 	text_5: text = u'fray'
200.4076 	EXP 	text_5: autoDraw = True
200.4076 	EXP 	text_9: autoDraw = True
202.9913 	DATA 	Keypress: y
203.0238 	EXP 	text_5: autoDraw = False
203.0238 	EXP 	text_9: autoDraw = False
203.0238 	EXP 	text_6: autoDraw = True
203.5106 	EXP 	New trial (rep=0, index=39): OrderedDict([('item_number_', 37), ('item', u'crumper'), ('correct_ans', u'n')])
203.5270 	EXP 	text_6: autoDraw = False
203.5270 	EXP 	text_5: text = u'crumper'
203.5270 	EXP 	text_5: autoDraw = True
203.5270 	EXP 	text_9: autoDraw = True
209.1286 	DATA 	Keypress: n
209.1452 	EXP 	text_5: autoDraw = False
209.1452 	EXP 	text_9: autoDraw = False
209.1452 	EXP 	text_6: autoDraw = True
209.6320 	EXP 	New trial (rep=0, index=40): OrderedDict([('item_number_', 38), ('item', u'upkeep'), ('correct_ans', u'y')])
209.6483 	EXP 	text_6: autoDraw = False
209.6483 	EXP 	text_5: text = u'upkeep'
209.6483 	EXP 	text_5: autoDraw = True
209.6483 	EXP 	text_9: autoDraw = True
211.0741 	DATA 	Keypress: y
211.0906 	EXP 	text_5: autoDraw = False
211.0906 	EXP 	text_9: autoDraw = False
211.0906 	EXP 	text_6: autoDraw = True
211.5774 	EXP 	New trial (rep=0, index=41): OrderedDict([('item_number_', 39), ('item', u'majestic'), ('correct_ans', u'y')])
211.6106 	EXP 	text_6: autoDraw = False
211.6106 	EXP 	text_5: text = u'majestic'
211.6106 	EXP 	text_5: autoDraw = True
211.6106 	EXP 	text_9: autoDraw = True
212.4828 	DATA 	Keypress: y
212.4994 	EXP 	text_5: autoDraw = False
212.4994 	EXP 	text_9: autoDraw = False
212.4994 	EXP 	text_6: autoDraw = True
212.9861 	EXP 	New trial (rep=0, index=42): OrderedDict([('item_number_', 40), ('item', u'magrity'), ('correct_ans', u'n')])
213.0025 	EXP 	text_6: autoDraw = False
213.0025 	EXP 	text_5: text = u'magrity'
213.0025 	EXP 	text_5: autoDraw = True
213.0025 	EXP 	text_9: autoDraw = True
214.4953 	DATA 	Keypress: n
214.5118 	EXP 	text_5: autoDraw = False
214.5118 	EXP 	text_9: autoDraw = False
214.5118 	EXP 	text_6: autoDraw = True
214.9986 	EXP 	New trial (rep=0, index=43): OrderedDict([('item_number_', 41), ('item', u'nourishment'), ('correct_ans', u'y')])
215.0150 	EXP 	text_6: autoDraw = False
215.0150 	EXP 	text_5: text = u'nourishment'
215.0150 	EXP 	text_5: autoDraw = True
215.0150 	EXP 	text_9: autoDraw = True
216.1389 	DATA 	Keypress: y
216.1554 	EXP 	text_5: autoDraw = False
216.1554 	EXP 	text_9: autoDraw = False
216.1554 	EXP 	text_6: autoDraw = True
216.6422 	EXP 	New trial (rep=0, index=44): OrderedDict([('item_number_', 42), ('item', u'abergy'), ('correct_ans', u'n')])
216.6585 	EXP 	text_6: autoDraw = False
216.6585 	EXP 	text_5: text = u'abergy'
216.6585 	EXP 	text_5: autoDraw = True
216.6585 	EXP 	text_9: autoDraw = True
219.2415 	DATA 	Keypress: n
219.2580 	EXP 	text_5: autoDraw = False
219.2580 	EXP 	text_9: autoDraw = False
219.2580 	EXP 	text_6: autoDraw = True
219.7448 	EXP 	New trial (rep=0, index=45): OrderedDict([('item_number_', 43), ('item', u'proom'), ('correct_ans', u'n')])
219.7611 	EXP 	text_6: autoDraw = False
219.7611 	EXP 	text_5: text = u'proom'
219.7611 	EXP 	text_5: autoDraw = True
219.7611 	EXP 	text_9: autoDraw = True
224.4236 	DATA 	Keypress: n
224.4402 	EXP 	text_5: autoDraw = False
224.4402 	EXP 	text_9: autoDraw = False
224.4402 	EXP 	text_6: autoDraw = True
224.9270 	EXP 	New trial (rep=0, index=46): OrderedDict([('item_number_', 44), ('item', u'turmoil'), ('correct_ans', u'y')])
224.9433 	EXP 	text_6: autoDraw = False
224.9433 	EXP 	text_5: text = u'turmoil'
224.9433 	EXP 	text_5: autoDraw = True
224.9433 	EXP 	text_9: autoDraw = True
226.1846 	DATA 	Keypress: y
226.2011 	EXP 	text_5: autoDraw = False
226.2011 	EXP 	text_9: autoDraw = False
226.2011 	EXP 	text_6: autoDraw = True
226.6879 	EXP 	New trial (rep=0, index=47): OrderedDict([('item_number_', 45), ('item', u'carbohydrate'), ('correct_ans', u'y')])
226.7042 	EXP 	text_6: autoDraw = False
226.7042 	EXP 	text_5: text = u'carbohydrate'
226.7042 	EXP 	text_5: autoDraw = True
226.7042 	EXP 	text_9: autoDraw = True
228.7170 	DATA 	Keypress: y
228.7335 	EXP 	text_5: autoDraw = False
228.7335 	EXP 	text_9: autoDraw = False
228.7335 	EXP 	text_6: autoDraw = True
229.2203 	EXP 	New trial (rep=0, index=48): OrderedDict([('item_number_', 46), ('item', u'scholar'), ('correct_ans', u'y')])
229.2366 	EXP 	text_6: autoDraw = False
229.2366 	EXP 	text_5: text = u'scholar'
229.2366 	EXP 	text_5: autoDraw = True
229.2366 	EXP 	text_9: autoDraw = True
234.0501 	DATA 	Keypress: y
234.0666 	EXP 	text_5: autoDraw = False
234.0666 	EXP 	text_9: autoDraw = False
234.0666 	EXP 	text_6: autoDraw = True
234.5535 	EXP 	New trial (rep=0, index=49): OrderedDict([('item_number_', 47), ('item', u'turtle'), ('correct_ans', u'y')])
234.5697 	EXP 	text_6: autoDraw = False
234.5697 	EXP 	text_5: text = u'turtle'
234.5697 	EXP 	text_5: autoDraw = True
234.5697 	EXP 	text_9: autoDraw = True
235.8278 	DATA 	Keypress: y
235.8443 	EXP 	text_5: autoDraw = False
235.8443 	EXP 	text_9: autoDraw = False
235.8443 	EXP 	text_6: autoDraw = True
236.3311 	EXP 	New trial (rep=0, index=50): OrderedDict([('item_number_', 48), ('item', u'fellick'), ('correct_ans', u'n')])
236.3474 	EXP 	text_6: autoDraw = False
236.3474 	EXP 	text_5: text = u'fellick'
236.3474 	EXP 	text_5: autoDraw = True
236.3474 	EXP 	text_9: autoDraw = True
239.5006 	DATA 	Keypress: n
239.5170 	EXP 	text_5: autoDraw = False
239.5170 	EXP 	text_9: autoDraw = False
239.5170 	EXP 	text_6: autoDraw = True
240.0039 	EXP 	New trial (rep=0, index=51): OrderedDict([('item_number_', 49), ('item', u'destription'), ('correct_ans', u'n')])
240.0202 	EXP 	text_6: autoDraw = False
240.0202 	EXP 	text_5: text = u'destription'
240.0202 	EXP 	text_5: autoDraw = True
240.0202 	EXP 	text_9: autoDraw = True
242.6367 	DATA 	Keypress: n
242.6533 	EXP 	text_5: autoDraw = False
242.6533 	EXP 	text_9: autoDraw = False
242.6533 	EXP 	text_6: autoDraw = True
243.1400 	EXP 	New trial (rep=0, index=52): OrderedDict([('item_number_', 50), ('item', u'cylinder'), ('correct_ans', u'y')])
243.1564 	EXP 	text_6: autoDraw = False
243.1564 	EXP 	text_5: text = u'cylinder'
243.1564 	EXP 	text_5: autoDraw = True
243.1564 	EXP 	text_9: autoDraw = True
244.1629 	DATA 	Keypress: y
244.1794 	EXP 	text_5: autoDraw = False
244.1794 	EXP 	text_9: autoDraw = False
244.1794 	EXP 	text_6: autoDraw = True
244.6662 	EXP 	New trial (rep=0, index=53): OrderedDict([('item_number_', 51), ('item', u'censorship'), ('correct_ans', u'y')])
244.6825 	EXP 	text_6: autoDraw = False
244.6825 	EXP 	text_5: text = u'censorship'
244.6825 	EXP 	text_5: autoDraw = True
244.6825 	EXP 	text_9: autoDraw = True
245.7225 	DATA 	Keypress: y
245.7391 	EXP 	text_5: autoDraw = False
245.7391 	EXP 	text_9: autoDraw = False
245.7391 	EXP 	text_6: autoDraw = True
246.2259 	EXP 	New trial (rep=0, index=54): OrderedDict([('item_number_', 52), ('item', u'celestial'), ('correct_ans', u'y')])
246.2422 	EXP 	text_6: autoDraw = False
246.2422 	EXP 	text_5: text = u'celestial'
246.2422 	EXP 	text_5: autoDraw = True
246.2422 	EXP 	text_9: autoDraw = True
247.1648 	DATA 	Keypress: y
247.1814 	EXP 	text_5: autoDraw = False
247.1814 	EXP 	text_9: autoDraw = False
247.1814 	EXP 	text_6: autoDraw = True
247.6682 	EXP 	New trial (rep=0, index=55): OrderedDict([('item_number_', 53), ('item', u'rascal'), ('correct_ans', u'y')])
247.6845 	EXP 	text_6: autoDraw = False
247.6845 	EXP 	text_5: text = u'rascal'
247.6845 	EXP 	text_5: autoDraw = True
247.6845 	EXP 	text_9: autoDraw = True
249.0432 	DATA 	Keypress: y
249.0597 	EXP 	text_5: autoDraw = False
249.0597 	EXP 	text_9: autoDraw = False
249.0597 	EXP 	text_6: autoDraw = True
249.5465 	EXP 	New trial (rep=0, index=56): OrderedDict([('item_number_', 54), ('item', u'purrage'), ('correct_ans', u'n')])
249.5628 	EXP 	text_6: autoDraw = False
249.5628 	EXP 	text_5: text = u'purrage'
249.5628 	EXP 	text_5: autoDraw = True
249.5628 	EXP 	text_9: autoDraw = True
257.0428 	DATA 	Keypress: n
257.0594 	EXP 	text_5: autoDraw = False
257.0594 	EXP 	text_9: autoDraw = False
257.0594 	EXP 	text_6: autoDraw = True
257.5462 	EXP 	New trial (rep=0, index=57): OrderedDict([('item_number_', 55), ('item', u'pulsh'), ('correct_ans', u'n')])
257.5625 	EXP 	text_6: autoDraw = False
257.5625 	EXP 	text_5: text = u'pulsh'
257.5625 	EXP 	text_5: autoDraw = True
257.5625 	EXP 	text_9: autoDraw = True
259.4914 	DATA 	Keypress: n
259.5079 	EXP 	text_5: autoDraw = False
259.5079 	EXP 	text_9: autoDraw = False
259.5079 	EXP 	text_6: autoDraw = True
259.9947 	EXP 	New trial (rep=0, index=58): OrderedDict([('item_number_', 56), ('item', u'muddy'), ('correct_ans', u'y')])
260.0110 	EXP 	text_6: autoDraw = False
260.0110 	EXP 	text_5: text = u'muddy'
260.0110 	EXP 	text_5: autoDraw = True
260.0110 	EXP 	text_9: autoDraw = True
260.8834 	DATA 	Keypress: y
260.8999 	EXP 	text_5: autoDraw = False
260.8999 	EXP 	text_9: autoDraw = False
260.8999 	EXP 	text_6: autoDraw = True
261.3867 	EXP 	New trial (rep=0, index=59): OrderedDict([('item_number_', 57), ('item', u'quirty'), ('correct_ans', u'n')])
261.4030 	EXP 	text_6: autoDraw = False
261.4030 	EXP 	text_5: text = u'quirty'
261.4030 	EXP 	text_5: autoDraw = True
261.4030 	EXP 	text_9: autoDraw = True
263.6170 	DATA 	Keypress: n
263.6334 	EXP 	text_5: autoDraw = False
263.6334 	EXP 	text_9: autoDraw = False
263.6334 	EXP 	text_6: autoDraw = True
264.1203 	EXP 	New trial (rep=0, index=60): OrderedDict([('item_number_', 58), ('item', u'pudour'), ('correct_ans', u'n')])
264.1366 	EXP 	text_6: autoDraw = False
264.1366 	EXP 	text_5: text = u'pudour'
264.1366 	EXP 	text_5: autoDraw = True
264.1366 	EXP 	text_9: autoDraw = True
266.7867 	DATA 	Keypress: n
266.8032 	EXP 	text_5: autoDraw = False
266.8032 	EXP 	text_9: autoDraw = False
266.8032 	EXP 	text_6: autoDraw = True
267.2900 	EXP 	New trial (rep=0, index=61): OrderedDict([('item_number_', 59), ('item', u'listless'), ('correct_ans', u'y')])
267.3063 	EXP 	text_6: autoDraw = False
267.3063 	EXP 	text_5: text = u'listless'
267.3063 	EXP 	text_5: autoDraw = True
267.3063 	EXP 	text_9: autoDraw = True
272.5559 	DATA 	Keypress: n
272.5723 	EXP 	text_5: autoDraw = False
272.5723 	EXP 	text_9: autoDraw = False
272.5723 	EXP 	text_6: autoDraw = True
273.0592 	EXP 	New trial (rep=0, index=62): OrderedDict([('item_number_', 60), ('item', u'wrought'), ('correct_ans', u'y')])
273.0755 	EXP 	text_6: autoDraw = False
273.0755 	EXP 	text_5: text = u'wrought'
273.0755 	EXP 	text_5: autoDraw = True
273.0755 	EXP 	text_9: autoDraw = True
275.3398 	DATA 	Keypress: n
275.3563 	EXP 	text_5: autoDraw = False
275.3563 	EXP 	text_9: autoDraw = False
275.3563 	EXP 	text_6: autoDraw = True
275.8594 	EXP 	text_6: autoDraw = False
275.8594 	EXP 	text_8: autoDraw = True
303.1624 	DATA 	Keypress: return
303.3141 	EXP 	window1: mouseVisible = True
