23.7184 	WARNING 	User requested fullscreen with size [1024  768], but screen is actually [1366, 768]. Using actual size
24.6749 	EXP 	Created window1 = Window(allowGUI=False, allowStencil=False, args=UNKNOWN, autoLog=True, bitsMode=UNKNOWN, blendMode='avg', color=array([ 0.,  0.,  0.]), colorSpace='rgb', fullscr=UNKNOWN, gamma=None, kwargs=UNKNOWN, lms=UNKNOWN, monitor=<psychopy.monitors.calibTools.Monitor object at 0x15362750>, multiSample=False, name='window1', numSamples=2, pos=[0, 0], screen=0, size=array([1366,  768]), stereo=False, units=u'norm', useFBO=True, useRetina=False, viewOri=0.0, viewPos=None, viewScale=None, waitBlanking=True, winType=u'pyglet')
24.6749 	EXP 	window1: recordFrameIntervals = False
24.8421 	EXP 	window1: recordFrameIntervals = True
25.0268 	EXP 	window1: recordFrameIntervals = False
25.1304 	EXP 	Created intro_text = TextStim(alignHoriz='center', alignVert='center', antialias=True, autoLog=True, bold=False, color='white', colorSpace='named', contrast=1.0, depth=-1.0, flipHoriz=False, flipVert=False, font='Arial', fontFiles=[], height=0.1, italic=False, name='intro_text', opacity=1.0, ori=0, pos=array([ 0.,  0.]), rgb=array([ 255.,  255.,  255.]), text=newstr(...), units=u'norm', win=Window(...), wrapWidth=1)
25.3276 	EXP 	Created text = TextStim(alignHoriz='center', alignVert='center', antialias=True, autoLog=True, bold=False, color='white', colorSpace='named', contrast=1.0, depth=0.0, flipHoriz=False, flipVert=False, font='Arial', fontFiles=[], height=0.1, italic=False, name='text', opacity=1.0, ori=0, pos=array([ 0.,  0.]), rgb=array([ 255.,  255.,  255.]), text=newstr(...), units=u'norm', win=Window(...), wrapWidth=1)
25.4495 	EXP 	Created text_2 = TextStim(alignHoriz='center', alignVert='center', antialias=True, autoLog=True, bold=False, color='white', colorSpace='named', contrast=1.0, depth=0.0, flipHoriz=False, flipVert=False, font='Arial', fontFiles=[], height=0.1, italic=False, name='text_2', opacity=1.0, ori=0, pos=array([ 0.,  0.]), rgb=array([ 255.,  255.,  255.]), text=newstr(...), units=u'norm', win=Window(...), wrapWidth=1)
25.6204 	EXP 	Created text_3 = TextStim(alignHoriz='center', alignVert='center', antialias=True, autoLog=True, bold=False, color='white', colorSpace='named', contrast=1.0, depth=0.0, flipHoriz=False, flipVert=False, font='Arial', fontFiles=[], height=0.1, italic=False, name='text_3', opacity=1.0, ori=0, pos=array([ 0.,  0.]), rgb=array([ 255.,  255.,  255.]), text=newstr(...), units=u'norm', win=Window(...), wrapWidth=1)
25.7618 	EXP 	Created text_4 = TextStim(alignHoriz='center', alignVert='center', antialias=True, autoLog=True, bold=False, color='white', colorSpace='named', contrast=1.0, depth=0.0, flipHoriz=False, flipVert=False, font='Arial', fontFiles=[], height=0.1, italic=False, name='text_4', opacity=1.0, ori=0, pos=array([ 0.,  0.]), rgb=array([ 255.,  255.,  255.]), text=newstr(...), units=u'norm', win=Window(...), wrapWidth=1)
25.8106 	EXP 	Created text_7 = TextStim(alignHoriz='center', alignVert='center', antialias=True, autoLog=True, bold=False, color='white', colorSpace='named', contrast=1.0, depth=0.0, flipHoriz=False, flipVert=False, font='Arial', fontFiles=[], height=0.1, italic=False, name='text_7', opacity=1.0, ori=0, pos=array([ 0.,  0.]), rgb=array([ 255.,  255.,  255.]), text=newstr(...), units=u'norm', win=Window(...), wrapWidth=1)
25.8288 	EXP 	Created text_5 = TextStim(alignHoriz='center', alignVert='center', antialias=True, autoLog=True, bold=False, color='white', colorSpace='named', contrast=1.0, depth=0.0, flipHoriz=False, flipVert=False, font='Arial', fontFiles=[], height=0.15, italic=False, name='text_5', opacity=1.0, ori=0, pos=array([ 0. ,  0.1]), rgb=array([ 255.,  255.,  255.]), text='default text', units=u'norm', win=Window(...), wrapWidth=1)
25.8445 	EXP 	Created text_9 = TextStim(alignHoriz='center', alignVert='center', antialias=True, autoLog=True, bold=False, color='white', colorSpace='named', contrast=1.0, depth=-2.0, flipHoriz=False, flipVert=False, font='Arial', fontFiles=[], height=0.1, italic=False, name='text_9', opacity=1.0, ori=0, pos=array([ 0. , -0.3]), rgb=array([ 255.,  255.,  255.]), text='"y" = yes   "n" = no', units=u'norm', win=Window(...), wrapWidth=1)
25.8451 	EXP 	Created text_6 = TextStim(alignHoriz='center', alignVert='center', antialias=True, autoLog=True, bold=False, color='white', colorSpace='named', contrast=1.0, depth=0.0, flipHoriz=False, flipVert=False, font='Arial', fontFiles=[], height=0.1, italic=False, name='text_6', opacity=1.0, ori=0, pos=array([ 0.,  0.]), rgb=array([ 255.,  255.,  255.]), text='', units=u'norm', win=Window(...), wrapWidth=1)
25.8809 	EXP 	Created text_8 = TextStim(alignHoriz='center', alignVert='center', antialias=True, autoLog=True, bold=False, color='white', colorSpace='named', contrast=1.0, depth=0.0, flipHoriz=False, flipVert=False, font='Arial', fontFiles=[], height=0.1, italic=False, name='text_8', opacity=1.0, ori=0, pos=array([ 0.,  0.]), rgb=array([ 255.,  255.,  255.]), text=newstr(...), units=u'norm', win=Window(...), wrapWidth=1)
25.8988 	EXP 	intro_text: autoDraw = True
28.1127 	DATA 	Keypress: space
28.1292 	EXP 	intro_text: autoDraw = False
28.1292 	EXP 	text: autoDraw = True
34.8379 	DATA 	Keypress: space
34.8544 	EXP 	text: autoDraw = False
34.8544 	EXP 	text_2: autoDraw = True
39.5504 	DATA 	Keypress: space
39.5670 	EXP 	text_2: autoDraw = False
39.5670 	EXP 	text_3: autoDraw = True
51.5754 	DATA 	Keypress: space
51.5919 	EXP 	text_3: autoDraw = False
51.5919 	EXP 	text_4: autoDraw = True
63.0132 	DATA 	Keypress: space
63.0297 	EXP 	text_4: autoDraw = False
63.0297 	EXP 	text_7: autoDraw = True
64.4724 	DATA 	Keypress: space
64.4776 	EXP 	Imported lextale_items.csv as conditions, 63 conditions, 3 params
64.4781 	EXP 	Created sequence: sequential, trialTypes=63, nReps=1, seed=None
64.4785 	EXP 	New trial (rep=0, index=0): OrderedDict([('item_number_', 0), ('item', u'platery'), ('correct_ans', u'n')])
64.5057 	EXP 	text_7: autoDraw = False
64.5057 	EXP 	text_5: text = u'platery'
64.5057 	EXP 	text_5: autoDraw = True
64.5057 	EXP 	text_9: autoDraw = True
67.7762 	DATA 	Keypress: y
67.7927 	EXP 	text_5: autoDraw = False
67.7927 	EXP 	text_9: autoDraw = False
67.7927 	EXP 	text_6: autoDraw = True
68.2795 	EXP 	New trial (rep=0, index=1): OrderedDict([('item_number_', 0), ('item', u'denial'), ('correct_ans', u'y')])
68.2959 	EXP 	text_6: autoDraw = False
68.2959 	EXP 	text_5: text = u'denial'
68.2959 	EXP 	text_5: autoDraw = True
68.2959 	EXP 	text_9: autoDraw = True
69.7384 	DATA 	Keypress: y
69.7550 	EXP 	text_5: autoDraw = False
69.7550 	EXP 	text_9: autoDraw = False
69.7550 	EXP 	text_6: autoDraw = True
70.2418 	EXP 	New trial (rep=0, index=2): OrderedDict([('item_number_', 0), ('item', u'generic'), ('correct_ans', u'y')])
70.2582 	EXP 	text_6: autoDraw = False
70.2582 	EXP 	text_5: text = u'generic'
70.2582 	EXP 	text_5: autoDraw = True
70.2582 	EXP 	text_9: autoDraw = True
71.4323 	DATA 	Keypress: y
71.4488 	EXP 	text_5: autoDraw = False
71.4488 	EXP 	text_9: autoDraw = False
71.4488 	EXP 	text_6: autoDraw = True
71.9356 	EXP 	New trial (rep=0, index=3): OrderedDict([('item_number_', 1), ('item', u'mensible'), ('correct_ans', u'n')])
71.9520 	EXP 	text_6: autoDraw = False
71.9520 	EXP 	text_5: text = u'mensible'
71.9520 	EXP 	text_5: autoDraw = True
71.9520 	EXP 	text_9: autoDraw = True
73.4448 	DATA 	Keypress: n
73.4614 	EXP 	text_5: autoDraw = False
73.4614 	EXP 	text_9: autoDraw = False
73.4614 	EXP 	text_6: autoDraw = True
73.9482 	EXP 	New trial (rep=0, index=4): OrderedDict([('item_number_', 2), ('item', u'scornful'), ('correct_ans', u'y')])
73.9646 	EXP 	text_6: autoDraw = False
73.9646 	EXP 	text_5: text = u'scornful'
73.9646 	EXP 	text_5: autoDraw = True
73.9646 	EXP 	text_9: autoDraw = True
76.0599 	DATA 	Keypress: n
76.0764 	EXP 	text_5: autoDraw = False
76.0764 	EXP 	text_9: autoDraw = False
76.0764 	EXP 	text_6: autoDraw = True
76.5642 	EXP 	New trial (rep=0, index=5): OrderedDict([('item_number_', 3), ('item', u'stoutly'), ('correct_ans', u'y')])
76.5804 	EXP 	text_6: autoDraw = False
76.5804 	EXP 	text_5: text = u'stoutly'
76.5804 	EXP 	text_5: autoDraw = True
76.5804 	EXP 	text_9: autoDraw = True
78.1909 	DATA 	Keypress: y
78.2076 	EXP 	text_5: autoDraw = False
78.2076 	EXP 	text_9: autoDraw = False
78.2076 	EXP 	text_6: autoDraw = True
78.6937 	EXP 	New trial (rep=0, index=6): OrderedDict([('item_number_', 4), ('item', u'ablaze'), ('correct_ans', u'y')])
78.7108 	EXP 	text_6: autoDraw = False
78.7108 	EXP 	text_5: text = u'ablaze'
78.7108 	EXP 	text_5: autoDraw = True
78.7108 	EXP 	text_9: autoDraw = True
79.9511 	DATA 	Keypress: n
79.9673 	EXP 	text_5: autoDraw = False
79.9673 	EXP 	text_9: autoDraw = False
79.9673 	EXP 	text_6: autoDraw = True
80.4552 	EXP 	New trial (rep=0, index=7): OrderedDict([('item_number_', 5), ('item', u'kermshaw'), ('correct_ans', u'n')])
80.4716 	EXP 	text_6: autoDraw = False
80.4716 	EXP 	text_5: text = u'kermshaw'
80.4716 	EXP 	text_5: autoDraw = True
80.4716 	EXP 	text_9: autoDraw = True
81.5620 	DATA 	Keypress: n
81.5773 	EXP 	text_5: autoDraw = False
81.5773 	EXP 	text_9: autoDraw = False
81.5773 	EXP 	text_6: autoDraw = True
82.0643 	EXP 	New trial (rep=0, index=8): OrderedDict([('item_number_', 6), ('item', u'moonlit'), ('correct_ans', u'y')])
82.0816 	EXP 	text_6: autoDraw = False
82.0816 	EXP 	text_5: text = u'moonlit'
82.0816 	EXP 	text_5: autoDraw = True
82.0816 	EXP 	text_9: autoDraw = True
83.8249 	DATA 	Keypress: y
83.8414 	EXP 	text_5: autoDraw = False
83.8414 	EXP 	text_9: autoDraw = False
83.8414 	EXP 	text_6: autoDraw = True
84.3284 	EXP 	New trial (rep=0, index=9): OrderedDict([('item_number_', 7), ('item', u'lofty'), ('correct_ans', u'y')])
84.3446 	EXP 	text_6: autoDraw = False
84.3446 	EXP 	text_5: text = u'lofty'
84.3446 	EXP 	text_5: autoDraw = True
84.3446 	EXP 	text_9: autoDraw = True
85.9547 	DATA 	Keypress: y
85.9726 	EXP 	text_5: autoDraw = False
85.9726 	EXP 	text_9: autoDraw = False
85.9726 	EXP 	text_6: autoDraw = True
86.4595 	EXP 	New trial (rep=0, index=10): OrderedDict([('item_number_', 8), ('item', u'hurricane'), ('correct_ans', u'y')])
86.4758 	EXP 	text_6: autoDraw = False
86.4758 	EXP 	text_5: text = u'hurricane'
86.4758 	EXP 	text_5: autoDraw = True
86.4758 	EXP 	text_9: autoDraw = True
87.7661 	DATA 	Keypress: y
87.7826 	EXP 	text_5: autoDraw = False
87.7826 	EXP 	text_9: autoDraw = False
87.7826 	EXP 	text_6: autoDraw = True
88.2694 	EXP 	New trial (rep=0, index=11): OrderedDict([('item_number_', 9), ('item', u'flaw'), ('correct_ans', u'y')])
88.2857 	EXP 	text_6: autoDraw = False
88.2857 	EXP 	text_5: text = u'flaw'
88.2857 	EXP 	text_5: autoDraw = True
88.2857 	EXP 	text_9: autoDraw = True
89.0574 	DATA 	Keypress: y
89.0740 	EXP 	text_5: autoDraw = False
89.0740 	EXP 	text_9: autoDraw = False
89.0740 	EXP 	text_6: autoDraw = True
89.5608 	EXP 	New trial (rep=0, index=12): OrderedDict([('item_number_', 10), ('item', u'alberation'), ('correct_ans', u'n')])
89.5771 	EXP 	text_6: autoDraw = False
89.5771 	EXP 	text_5: text = u'alberation'
89.5771 	EXP 	text_5: autoDraw = True
89.5771 	EXP 	text_9: autoDraw = True
91.1875 	DATA 	Keypress: n
91.2050 	EXP 	text_5: autoDraw = False
91.2050 	EXP 	text_9: autoDraw = False
91.2050 	EXP 	text_6: autoDraw = True
91.6907 	EXP 	New trial (rep=0, index=13): OrderedDict([('item_number_', 11), ('item', u'unkempt'), ('correct_ans', u'y')])
91.7082 	EXP 	text_6: autoDraw = False
91.7082 	EXP 	text_5: text = u'unkempt'
91.7082 	EXP 	text_5: autoDraw = True
91.7082 	EXP 	text_9: autoDraw = True
92.7818 	DATA 	Keypress: n
92.7983 	EXP 	text_5: autoDraw = False
92.7983 	EXP 	text_9: autoDraw = False
92.7983 	EXP 	text_6: autoDraw = True
93.2840 	EXP 	New trial (rep=0, index=14): OrderedDict([('item_number_', 12), ('item', u'breeding'), ('correct_ans', u'y')])
93.3015 	EXP 	text_6: autoDraw = False
93.3015 	EXP 	text_5: text = u'breeding'
93.3015 	EXP 	text_5: autoDraw = True
93.3015 	EXP 	text_9: autoDraw = True
94.1223 	DATA 	Keypress: y
94.1389 	EXP 	text_5: autoDraw = False
94.1389 	EXP 	text_9: autoDraw = False
94.1389 	EXP 	text_6: autoDraw = True
94.6262 	EXP 	New trial (rep=0, index=15): OrderedDict([('item_number_', 13), ('item', u'festivity'), ('correct_ans', u'y')])
94.6593 	EXP 	text_6: autoDraw = False
94.6593 	EXP 	text_5: text = u'festivity'
94.6593 	EXP 	text_5: autoDraw = True
94.6593 	EXP 	text_9: autoDraw = True
96.7555 	DATA 	Keypress: y
96.7732 	EXP 	text_5: autoDraw = False
96.7732 	EXP 	text_9: autoDraw = False
96.7732 	EXP 	text_6: autoDraw = True
97.2588 	EXP 	New trial (rep=0, index=16): OrderedDict([('item_number_', 14), ('item', u'screech'), ('correct_ans', u'y')])
97.2750 	EXP 	text_6: autoDraw = False
97.2750 	EXP 	text_5: text = u'screech'
97.2750 	EXP 	text_5: autoDraw = True
97.2750 	EXP 	text_9: autoDraw = True
98.8362 	DATA 	Keypress: y
98.8527 	EXP 	text_5: autoDraw = False
98.8527 	EXP 	text_9: autoDraw = False
98.8527 	EXP 	text_6: autoDraw = True
99.3382 	EXP 	New trial (rep=0, index=17): OrderedDict([('item_number_', 15), ('item', u'savoury'), ('correct_ans', u'y')])
99.3556 	EXP 	text_6: autoDraw = False
99.3556 	EXP 	text_5: text = u'savoury'
99.3556 	EXP 	text_5: autoDraw = True
99.3556 	EXP 	text_9: autoDraw = True
100.5635 	DATA 	Keypress: y
100.5957 	EXP 	text_5: autoDraw = False
100.5957 	EXP 	text_9: autoDraw = False
100.5957 	EXP 	text_6: autoDraw = True
101.0830 	EXP 	New trial (rep=0, index=18): OrderedDict([('item_number_', 16), ('item', u'plaudate'), ('correct_ans', u'n')])
101.0991 	EXP 	text_6: autoDraw = False
101.0991 	EXP 	text_5: text = u'plaudate'
101.0991 	EXP 	text_5: autoDraw = True
101.0991 	EXP 	text_9: autoDraw = True
102.0889 	DATA 	Keypress: n
102.1063 	EXP 	text_5: autoDraw = False
102.1063 	EXP 	text_9: autoDraw = False
102.1063 	EXP 	text_6: autoDraw = True
102.5930 	EXP 	New trial (rep=0, index=19): OrderedDict([('item_number_', 17), ('item', u'shin'), ('correct_ans', u'y')])
102.6088 	EXP 	text_6: autoDraw = False
102.6088 	EXP 	text_5: text = u'shin'
102.6088 	EXP 	text_5: autoDraw = True
102.6088 	EXP 	text_9: autoDraw = True
103.5152 	DATA 	Keypress: y
103.5318 	EXP 	text_5: autoDraw = False
103.5318 	EXP 	text_9: autoDraw = False
103.5318 	EXP 	text_6: autoDraw = True
104.0187 	EXP 	New trial (rep=0, index=20): OrderedDict([('item_number_', 18), ('item', u'fluid'), ('correct_ans', u'y')])
104.0341 	EXP 	text_6: autoDraw = False
104.0341 	EXP 	text_5: text = u'fluid'
104.0341 	EXP 	text_5: autoDraw = True
104.0341 	EXP 	text_9: autoDraw = True
105.3266 	DATA 	Keypress: y
105.3431 	EXP 	text_5: autoDraw = False
105.3431 	EXP 	text_9: autoDraw = False
105.3431 	EXP 	text_6: autoDraw = True
105.8295 	EXP 	New trial (rep=0, index=21): OrderedDict([('item_number_', 19), ('item', u'spaunch'), ('correct_ans', u'n')])
105.8461 	EXP 	text_6: autoDraw = False
105.8461 	EXP 	text_5: text = u'spaunch'
105.8461 	EXP 	text_5: autoDraw = True
105.8461 	EXP 	text_9: autoDraw = True
106.7174 	DATA 	Keypress: n
106.7344 	EXP 	text_5: autoDraw = False
106.7344 	EXP 	text_9: autoDraw = False
106.7344 	EXP 	text_6: autoDraw = True
107.2206 	EXP 	New trial (rep=0, index=22): OrderedDict([('item_number_', 20), ('item', u'allied'), ('correct_ans', u'y')])
107.2369 	EXP 	text_6: autoDraw = False
107.2369 	EXP 	text_5: text = u'allied'
107.2369 	EXP 	text_5: autoDraw = True
107.2369 	EXP 	text_9: autoDraw = True
108.4615 	DATA 	Keypress: y
108.4780 	EXP 	text_5: autoDraw = False
108.4780 	EXP 	text_9: autoDraw = False
108.4780 	EXP 	text_6: autoDraw = True
108.9650 	EXP 	New trial (rep=0, index=23): OrderedDict([('item_number_', 21), ('item', u'slain'), ('correct_ans', u'y')])
108.9814 	EXP 	text_6: autoDraw = False
108.9814 	EXP 	text_5: text = u'slain'
108.9814 	EXP 	text_5: autoDraw = True
108.9814 	EXP 	text_9: autoDraw = True
109.9541 	DATA 	Keypress: n
109.9707 	EXP 	text_5: autoDraw = False
109.9707 	EXP 	text_9: autoDraw = False
109.9707 	EXP 	text_6: autoDraw = True
110.4581 	EXP 	New trial (rep=0, index=24): OrderedDict([('item_number_', 22), ('item', u'recipient'), ('correct_ans', u'y')])
110.4743 	EXP 	text_6: autoDraw = False
110.4743 	EXP 	text_5: text = u'recipient'
110.4743 	EXP 	text_5: autoDraw = True
110.4743 	EXP 	text_9: autoDraw = True
112.3523 	DATA 	Keypress: y
112.3688 	EXP 	text_5: autoDraw = False
112.3688 	EXP 	text_9: autoDraw = False
112.3688 	EXP 	text_6: autoDraw = True
112.8571 	EXP 	New trial (rep=0, index=25): OrderedDict([('item_number_', 23), ('item', u'exprate'), ('correct_ans', u'n')])
112.8721 	EXP 	text_6: autoDraw = False
112.8721 	EXP 	text_5: text = u'exprate'
112.8721 	EXP 	text_5: autoDraw = True
112.8721 	EXP 	text_9: autoDraw = True
113.7109 	DATA 	Keypress: n
113.7287 	EXP 	text_5: autoDraw = False
113.7287 	EXP 	text_9: autoDraw = False
113.7287 	EXP 	text_6: autoDraw = True
114.2143 	EXP 	New trial (rep=0, index=26): OrderedDict([('item_number_', 24), ('item', u'eloquence'), ('correct_ans', u'y')])
114.2316 	EXP 	text_6: autoDraw = False
114.2316 	EXP 	text_5: text = u'eloquence'
114.2316 	EXP 	text_5: autoDraw = True
114.2316 	EXP 	text_9: autoDraw = True
115.6576 	DATA 	Keypress: n
115.6741 	EXP 	text_5: autoDraw = False
115.6741 	EXP 	text_9: autoDraw = False
115.6741 	EXP 	text_6: autoDraw = True
116.1603 	EXP 	New trial (rep=0, index=27): OrderedDict([('item_number_', 25), ('item', u'cleanliness'), ('correct_ans', u'y')])
116.1771 	EXP 	text_6: autoDraw = False
116.1771 	EXP 	text_5: text = u'cleanliness'
116.1771 	EXP 	text_5: autoDraw = True
116.1771 	EXP 	text_9: autoDraw = True
116.8819 	DATA 	Keypress: y
116.8971 	EXP 	text_5: autoDraw = False
116.8971 	EXP 	text_9: autoDraw = False
116.8971 	EXP 	text_6: autoDraw = True
117.3852 	EXP 	New trial (rep=0, index=28): OrderedDict([('item_number_', 26), ('item', u'dispatch'), ('correct_ans', u'y')])
117.4002 	EXP 	text_6: autoDraw = False
117.4002 	EXP 	text_5: text = u'dispatch'
117.4002 	EXP 	text_5: autoDraw = True
117.4002 	EXP 	text_9: autoDraw = True
118.1220 	DATA 	Keypress: y
118.1394 	EXP 	text_5: autoDraw = False
118.1394 	EXP 	text_9: autoDraw = False
118.1394 	EXP 	text_6: autoDraw = True
118.6263 	EXP 	New trial (rep=0, index=29): OrderedDict([('item_number_', 27), ('item', u'rebondicate'), ('correct_ans', u'n')])
118.6426 	EXP 	text_6: autoDraw = False
118.6426 	EXP 	text_5: text = u'rebondicate'
118.6426 	EXP 	text_5: autoDraw = True
118.6426 	EXP 	text_9: autoDraw = True
119.8502 	DATA 	Keypress: n
119.8668 	EXP 	text_5: autoDraw = False
119.8668 	EXP 	text_9: autoDraw = False
119.8668 	EXP 	text_6: autoDraw = True
120.3537 	EXP 	New trial (rep=0, index=30): OrderedDict([('item_number_', 28), ('item', u'ingenious'), ('correct_ans', u'y')])
120.3690 	EXP 	text_6: autoDraw = False
120.3690 	EXP 	text_5: text = u'ingenious'
120.3690 	EXP 	text_5: autoDraw = True
120.3690 	EXP 	text_9: autoDraw = True
121.0411 	DATA 	Keypress: y
121.0564 	EXP 	text_5: autoDraw = False
121.0564 	EXP 	text_9: autoDraw = False
121.0564 	EXP 	text_6: autoDraw = True
121.5439 	EXP 	New trial (rep=0, index=31): OrderedDict([('item_number_', 29), ('item', u'bewitch'), ('correct_ans', u'y')])
121.5607 	EXP 	text_6: autoDraw = False
121.5607 	EXP 	text_5: text = u'bewitch'
121.5607 	EXP 	text_5: autoDraw = True
121.5607 	EXP 	text_9: autoDraw = True
123.0535 	DATA 	Keypress: y
123.0701 	EXP 	text_5: autoDraw = False
123.0701 	EXP 	text_9: autoDraw = False
123.0701 	EXP 	text_6: autoDraw = True
123.5569 	EXP 	New trial (rep=0, index=32): OrderedDict([('item_number_', 30), ('item', u'skave'), ('correct_ans', u'n')])
123.5729 	EXP 	text_6: autoDraw = False
123.5729 	EXP 	text_5: text = u'skave'
123.5729 	EXP 	text_5: autoDraw = True
123.5729 	EXP 	text_9: autoDraw = True
124.5966 	DATA 	Keypress: n
124.6130 	EXP 	text_5: autoDraw = False
124.6130 	EXP 	text_9: autoDraw = False
124.6130 	EXP 	text_6: autoDraw = True
125.0998 	EXP 	New trial (rep=0, index=33): OrderedDict([('item_number_', 31), ('item', u'plaintively'), ('correct_ans', u'y')])
125.1317 	EXP 	text_6: autoDraw = False
125.1317 	EXP 	text_5: text = u'plaintively'
125.1317 	EXP 	text_5: autoDraw = True
125.1317 	EXP 	text_9: autoDraw = True
126.2399 	DATA 	Keypress: n
126.2567 	EXP 	text_5: autoDraw = False
126.2567 	EXP 	text_9: autoDraw = False
126.2567 	EXP 	text_6: autoDraw = True
126.7422 	EXP 	New trial (rep=0, index=34): OrderedDict([('item_number_', 32), ('item', u'kilp'), ('correct_ans', u'n')])
126.7597 	EXP 	text_6: autoDraw = False
126.7597 	EXP 	text_5: text = u'kilp'
126.7597 	EXP 	text_5: autoDraw = True
126.7597 	EXP 	text_9: autoDraw = True
127.5643 	DATA 	Keypress: n
127.5806 	EXP 	text_5: autoDraw = False
127.5806 	EXP 	text_9: autoDraw = False
127.5806 	EXP 	text_6: autoDraw = True
128.0684 	EXP 	New trial (rep=0, index=35): OrderedDict([('item_number_', 33), ('item', u'interfate'), ('correct_ans', u'n')])
128.0835 	EXP 	text_6: autoDraw = False
128.0835 	EXP 	text_5: text = u'interfate'
128.0835 	EXP 	text_5: autoDraw = True
128.0835 	EXP 	text_9: autoDraw = True
129.0744 	DATA 	Keypress: y
129.0899 	EXP 	text_5: autoDraw = False
129.0899 	EXP 	text_9: autoDraw = False
129.0899 	EXP 	text_6: autoDraw = True
129.5769 	EXP 	New trial (rep=0, index=36): OrderedDict([('item_number_', 34), ('item', u'hasty'), ('correct_ans', u'y')])
129.5936 	EXP 	text_6: autoDraw = False
129.5936 	EXP 	text_5: text = u'hasty'
129.5936 	EXP 	text_5: autoDraw = True
129.5936 	EXP 	text_9: autoDraw = True
132.5293 	DATA 	Keypress: y
132.5456 	EXP 	text_5: autoDraw = False
132.5456 	EXP 	text_9: autoDraw = False
132.5456 	EXP 	text_6: autoDraw = True
133.0325 	EXP 	New trial (rep=0, index=37): OrderedDict([('item_number_', 35), ('item', u'lengthy'), ('correct_ans', u'y')])
133.0485 	EXP 	text_6: autoDraw = False
133.0485 	EXP 	text_5: text = u'lengthy'
133.0485 	EXP 	text_5: autoDraw = True
133.0485 	EXP 	text_9: autoDraw = True
133.7871 	DATA 	Keypress: y
133.8034 	EXP 	text_5: autoDraw = False
133.8034 	EXP 	text_9: autoDraw = False
133.8034 	EXP 	text_6: autoDraw = True
134.2896 	EXP 	New trial (rep=0, index=38): OrderedDict([('item_number_', 36), ('item', u'fray'), ('correct_ans', u'y')])
134.3066 	EXP 	text_6: autoDraw = False
134.3066 	EXP 	text_5: text = u'fray'
134.3066 	EXP 	text_5: autoDraw = True
134.3066 	EXP 	text_9: autoDraw = True
135.1456 	DATA 	Keypress: n
135.1788 	EXP 	text_5: autoDraw = False
135.1788 	EXP 	text_9: autoDraw = False
135.1788 	EXP 	text_6: autoDraw = True
135.6644 	EXP 	New trial (rep=0, index=39): OrderedDict([('item_number_', 37), ('item', u'crumper'), ('correct_ans', u'n')])
135.6820 	EXP 	text_6: autoDraw = False
135.6820 	EXP 	text_5: text = u'crumper'
135.6820 	EXP 	text_5: autoDraw = True
135.6820 	EXP 	text_9: autoDraw = True
136.4368 	DATA 	Keypress: n
136.4534 	EXP 	text_5: autoDraw = False
136.4534 	EXP 	text_9: autoDraw = False
136.4534 	EXP 	text_6: autoDraw = True
136.9403 	EXP 	New trial (rep=0, index=40): OrderedDict([('item_number_', 38), ('item', u'upkeep'), ('correct_ans', u'y')])
136.9554 	EXP 	text_6: autoDraw = False
136.9554 	EXP 	text_5: text = u'upkeep'
136.9554 	EXP 	text_5: autoDraw = True
136.9554 	EXP 	text_9: autoDraw = True
137.7784 	DATA 	Keypress: n
137.7951 	EXP 	text_5: autoDraw = False
137.7951 	EXP 	text_9: autoDraw = False
137.7951 	EXP 	text_6: autoDraw = True
138.2819 	EXP 	New trial (rep=0, index=41): OrderedDict([('item_number_', 39), ('item', u'majestic'), ('correct_ans', u'y')])
138.3151 	EXP 	text_6: autoDraw = False
138.3151 	EXP 	text_5: text = u'majestic'
138.3151 	EXP 	text_5: autoDraw = True
138.3151 	EXP 	text_9: autoDraw = True
138.9350 	DATA 	Keypress: y
138.9515 	EXP 	text_5: autoDraw = False
138.9515 	EXP 	text_9: autoDraw = False
138.9515 	EXP 	text_6: autoDraw = True
139.4391 	EXP 	New trial (rep=0, index=42): OrderedDict([('item_number_', 40), ('item', u'magrity'), ('correct_ans', u'n')])
139.4554 	EXP 	text_6: autoDraw = False
139.4554 	EXP 	text_5: text = u'magrity'
139.4554 	EXP 	text_5: autoDraw = True
139.4554 	EXP 	text_9: autoDraw = True
140.3608 	DATA 	Keypress: n
140.3779 	EXP 	text_5: autoDraw = False
140.3779 	EXP 	text_9: autoDraw = False
140.3779 	EXP 	text_6: autoDraw = True
140.8646 	EXP 	New trial (rep=0, index=43): OrderedDict([('item_number_', 41), ('item', u'nourishment'), ('correct_ans', u'y')])
140.8810 	EXP 	text_6: autoDraw = False
140.8810 	EXP 	text_5: text = u'nourishment'
140.8810 	EXP 	text_5: autoDraw = True
140.8810 	EXP 	text_9: autoDraw = True
141.8203 	DATA 	Keypress: y
141.8370 	EXP 	text_5: autoDraw = False
141.8370 	EXP 	text_9: autoDraw = False
141.8370 	EXP 	text_6: autoDraw = True
142.3236 	EXP 	New trial (rep=0, index=44): OrderedDict([('item_number_', 42), ('item', u'abergy'), ('correct_ans', u'n')])
142.3388 	EXP 	text_6: autoDraw = False
142.3388 	EXP 	text_5: text = u'abergy'
142.3388 	EXP 	text_5: autoDraw = True
142.3388 	EXP 	text_9: autoDraw = True
143.6148 	DATA 	Keypress: n
143.6312 	EXP 	text_5: autoDraw = False
143.6312 	EXP 	text_9: autoDraw = False
143.6312 	EXP 	text_6: autoDraw = True
144.1183 	EXP 	New trial (rep=0, index=45): OrderedDict([('item_number_', 43), ('item', u'proom'), ('correct_ans', u'n')])
144.1344 	EXP 	text_6: autoDraw = False
144.1344 	EXP 	text_5: text = u'proom'
144.1344 	EXP 	text_5: autoDraw = True
144.1344 	EXP 	text_9: autoDraw = True
145.1411 	DATA 	Keypress: n
145.1572 	EXP 	text_5: autoDraw = False
145.1572 	EXP 	text_9: autoDraw = False
145.1572 	EXP 	text_6: autoDraw = True
145.6432 	EXP 	New trial (rep=0, index=46): OrderedDict([('item_number_', 44), ('item', u'turmoil'), ('correct_ans', u'y')])
145.6595 	EXP 	text_6: autoDraw = False
145.6595 	EXP 	text_5: text = u'turmoil'
145.6595 	EXP 	text_5: autoDraw = True
145.6595 	EXP 	text_9: autoDraw = True
146.5828 	DATA 	Keypress: n
146.5993 	EXP 	text_5: autoDraw = False
146.5993 	EXP 	text_9: autoDraw = False
146.5993 	EXP 	text_6: autoDraw = True
147.0867 	EXP 	New trial (rep=0, index=47): OrderedDict([('item_number_', 45), ('item', u'carbohydrate'), ('correct_ans', u'y')])
147.1029 	EXP 	text_6: autoDraw = False
147.1029 	EXP 	text_5: text = u'carbohydrate'
147.1029 	EXP 	text_5: autoDraw = True
147.1029 	EXP 	text_9: autoDraw = True
148.7964 	DATA 	Keypress: y
148.8127 	EXP 	text_5: autoDraw = False
148.8127 	EXP 	text_9: autoDraw = False
148.8127 	EXP 	text_6: autoDraw = True
149.2995 	EXP 	New trial (rep=0, index=48): OrderedDict([('item_number_', 46), ('item', u'scholar'), ('correct_ans', u'y')])
149.3169 	EXP 	text_6: autoDraw = False
149.3169 	EXP 	text_5: text = u'scholar'
149.3169 	EXP 	text_5: autoDraw = True
149.3169 	EXP 	text_9: autoDraw = True
150.0382 	DATA 	Keypress: y
150.0536 	EXP 	text_5: autoDraw = False
150.0536 	EXP 	text_9: autoDraw = False
150.0536 	EXP 	text_6: autoDraw = True
150.5409 	EXP 	New trial (rep=0, index=49): OrderedDict([('item_number_', 47), ('item', u'turtle'), ('correct_ans', u'y')])
150.5569 	EXP 	text_6: autoDraw = False
150.5569 	EXP 	text_5: text = u'turtle'
150.5569 	EXP 	text_5: autoDraw = True
150.5569 	EXP 	text_9: autoDraw = True
151.1942 	DATA 	Keypress: y
151.2108 	EXP 	text_5: autoDraw = False
151.2108 	EXP 	text_9: autoDraw = False
151.2108 	EXP 	text_6: autoDraw = True
151.6988 	EXP 	New trial (rep=0, index=50): OrderedDict([('item_number_', 48), ('item', u'fellick'), ('correct_ans', u'n')])
151.7152 	EXP 	text_6: autoDraw = False
151.7152 	EXP 	text_5: text = u'fellick'
151.7152 	EXP 	text_5: autoDraw = True
151.7152 	EXP 	text_9: autoDraw = True
152.7370 	DATA 	Keypress: n
152.7535 	EXP 	text_5: autoDraw = False
152.7535 	EXP 	text_9: autoDraw = False
152.7535 	EXP 	text_6: autoDraw = True
153.2405 	EXP 	New trial (rep=0, index=51): OrderedDict([('item_number_', 49), ('item', u'destription'), ('correct_ans', u'n')])
153.2568 	EXP 	text_6: autoDraw = False
153.2568 	EXP 	text_5: text = u'destription'
153.2568 	EXP 	text_5: autoDraw = True
153.2568 	EXP 	text_9: autoDraw = True
154.2801 	DATA 	Keypress: n
154.2966 	EXP 	text_5: autoDraw = False
154.2966 	EXP 	text_9: autoDraw = False
154.2966 	EXP 	text_6: autoDraw = True
154.7834 	EXP 	New trial (rep=0, index=52): OrderedDict([('item_number_', 50), ('item', u'cylinder'), ('correct_ans', u'y')])
154.7998 	EXP 	text_6: autoDraw = False
154.7998 	EXP 	text_5: text = u'cylinder'
154.7998 	EXP 	text_5: autoDraw = True
154.7998 	EXP 	text_9: autoDraw = True
155.5379 	DATA 	Keypress: y
155.5545 	EXP 	text_5: autoDraw = False
155.5545 	EXP 	text_9: autoDraw = False
155.5545 	EXP 	text_6: autoDraw = True
156.0424 	EXP 	New trial (rep=0, index=53): OrderedDict([('item_number_', 51), ('item', u'censorship'), ('correct_ans', u'y')])
156.0586 	EXP 	text_6: autoDraw = False
156.0586 	EXP 	text_5: text = u'censorship'
156.0586 	EXP 	text_5: autoDraw = True
156.0586 	EXP 	text_9: autoDraw = True
157.7851 	DATA 	Keypress: y
157.8017 	EXP 	text_5: autoDraw = False
157.8017 	EXP 	text_9: autoDraw = False
157.8017 	EXP 	text_6: autoDraw = True
158.2888 	EXP 	New trial (rep=0, index=54): OrderedDict([('item_number_', 52), ('item', u'celestial'), ('correct_ans', u'y')])
158.3062 	EXP 	text_6: autoDraw = False
158.3062 	EXP 	text_5: text = u'celestial'
158.3062 	EXP 	text_5: autoDraw = True
158.3062 	EXP 	text_9: autoDraw = True
159.0611 	DATA 	Keypress: y
159.0776 	EXP 	text_5: autoDraw = False
159.0776 	EXP 	text_9: autoDraw = False
159.0776 	EXP 	text_6: autoDraw = True
159.5642 	EXP 	New trial (rep=0, index=55): OrderedDict([('item_number_', 53), ('item', u'rascal'), ('correct_ans', u'y')])
159.5794 	EXP 	text_6: autoDraw = False
159.5794 	EXP 	text_5: text = u'rascal'
159.5794 	EXP 	text_5: autoDraw = True
159.5794 	EXP 	text_9: autoDraw = True
160.6533 	DATA 	Keypress: n
160.6709 	EXP 	text_5: autoDraw = False
160.6709 	EXP 	text_9: autoDraw = False
160.6709 	EXP 	text_6: autoDraw = True
161.1565 	EXP 	New trial (rep=0, index=56): OrderedDict([('item_number_', 54), ('item', u'purrage'), ('correct_ans', u'n')])
161.1741 	EXP 	text_6: autoDraw = False
161.1741 	EXP 	text_5: text = u'purrage'
161.1741 	EXP 	text_5: autoDraw = True
161.1741 	EXP 	text_9: autoDraw = True
162.1122 	DATA 	Keypress: n
162.1287 	EXP 	text_5: autoDraw = False
162.1287 	EXP 	text_9: autoDraw = False
162.1287 	EXP 	text_6: autoDraw = True
162.6168 	EXP 	New trial (rep=0, index=57): OrderedDict([('item_number_', 55), ('item', u'pulsh'), ('correct_ans', u'n')])
162.6319 	EXP 	text_6: autoDraw = False
162.6319 	EXP 	text_5: text = u'pulsh'
162.6319 	EXP 	text_5: autoDraw = True
162.6319 	EXP 	text_9: autoDraw = True
163.4706 	DATA 	Keypress: n
163.4880 	EXP 	text_5: autoDraw = False
163.4880 	EXP 	text_9: autoDraw = False
163.4880 	EXP 	text_6: autoDraw = True
163.9750 	EXP 	New trial (rep=0, index=58): OrderedDict([('item_number_', 56), ('item', u'muddy'), ('correct_ans', u'y')])
163.9915 	EXP 	text_6: autoDraw = False
163.9915 	EXP 	text_5: text = u'muddy'
163.9915 	EXP 	text_5: autoDraw = True
163.9915 	EXP 	text_9: autoDraw = True
164.7297 	DATA 	Keypress: n
164.7452 	EXP 	text_5: autoDraw = False
164.7452 	EXP 	text_9: autoDraw = False
164.7452 	EXP 	text_6: autoDraw = True
165.2330 	EXP 	New trial (rep=0, index=59): OrderedDict([('item_number_', 57), ('item', u'quirty'), ('correct_ans', u'n')])
165.2494 	EXP 	text_6: autoDraw = False
165.2494 	EXP 	text_5: text = u'quirty'
165.2494 	EXP 	text_5: autoDraw = True
165.2494 	EXP 	text_9: autoDraw = True
166.3062 	DATA 	Keypress: n
166.3215 	EXP 	text_5: autoDraw = False
166.3215 	EXP 	text_9: autoDraw = False
166.3215 	EXP 	text_6: autoDraw = True
166.8083 	EXP 	New trial (rep=0, index=60): OrderedDict([('item_number_', 58), ('item', u'pudour'), ('correct_ans', u'n')])
166.8246 	EXP 	text_6: autoDraw = False
166.8246 	EXP 	text_5: text = u'pudour'
166.8246 	EXP 	text_5: autoDraw = True
166.8246 	EXP 	text_9: autoDraw = True
168.3845 	DATA 	Keypress: n
168.4011 	EXP 	text_5: autoDraw = False
168.4011 	EXP 	text_9: autoDraw = False
168.4011 	EXP 	text_6: autoDraw = True
168.8879 	EXP 	New trial (rep=0, index=61): OrderedDict([('item_number_', 59), ('item', u'listless'), ('correct_ans', u'y')])
168.9042 	EXP 	text_6: autoDraw = False
168.9042 	EXP 	text_5: text = u'listless'
168.9042 	EXP 	text_5: autoDraw = True
168.9042 	EXP 	text_9: autoDraw = True
170.3803 	DATA 	Keypress: n
170.3968 	EXP 	text_5: autoDraw = False
170.3968 	EXP 	text_9: autoDraw = False
170.3968 	EXP 	text_6: autoDraw = True
170.8836 	EXP 	New trial (rep=0, index=62): OrderedDict([('item_number_', 60), ('item', u'wrought'), ('correct_ans', u'y')])
170.9000 	EXP 	text_6: autoDraw = False
170.9000 	EXP 	text_5: text = u'wrought'
170.9000 	EXP 	text_5: autoDraw = True
170.9000 	EXP 	text_9: autoDraw = True
171.8226 	DATA 	Keypress: y
171.8392 	EXP 	text_5: autoDraw = False
171.8392 	EXP 	text_9: autoDraw = False
171.8392 	EXP 	text_6: autoDraw = True
172.3423 	EXP 	text_6: autoDraw = False
172.3423 	EXP 	text_8: autoDraw = True
181.3498 	DATA 	Keypress: return
181.4982 	EXP 	window1: mouseVisible = True
